[biws] Discovering URLs from https://breakingintowallstreet.com...
[biws] Map found 270 URLs
[biws] 207 URLs to scrape
  [biws] 5/207 (2.4%) OK:5 FAIL:0
  [biws] 10/207 (4.8%) OK:10 FAIL:0
  [biws] 15/207 (7.2%) OK:15 FAIL:0
  [biws] 20/207 (9.7%) OK:20 FAIL:0
  [biws] 25/207 (12.1%) OK:25 FAIL:0
  [biws] 30/207 (14.5%) OK:30 FAIL:0
  [biws] 35/207 (16.9%) OK:35 FAIL:0
  [biws] 40/207 (19.3%) OK:40 FAIL:0
  [biws] 45/207 (21.7%) OK:45 FAIL:0
  [biws] 50/207 (24.2%) OK:50 FAIL:0
  [biws] 55/207 (26.6%) OK:55 FAIL:0
  [biws] 60/207 (29.0%) OK:60 FAIL:0
  [biws] 65/207 (31.4%) OK:65 FAIL:0
  [biws] 70/207 (33.8%) OK:70 FAIL:0
  [biws] 75/207 (36.2%) OK:75 FAIL:0
  [biws] 80/207 (38.6%) OK:80 FAIL:0
  [biws] 85/207 (41.1%) OK:85 FAIL:0
  [biws] 90/207 (43.5%) OK:90 FAIL:0
  [biws] 95/207 (45.9%) OK:95 FAIL:0
  [biws] 100/207 (48.3%) OK:100 FAIL:0
  [biws] 105/207 (50.7%) OK:105 FAIL:0
  [biws] 110/207 (53.1%) OK:110 FAIL:0
  [biws] 115/207 (55.6%) OK:115 FAIL:0
  [biws] 120/207 (58.0%) OK:120 FAIL:0
  [biws] 125/207 (60.4%) OK:125 FAIL:0
  [biws] 130/207 (62.8%) OK:130 FAIL:0
  [biws] 135/207 (65.2%) OK:135 FAIL:0
  [biws] 140/207 (67.6%) OK:140 FAIL:0
  [biws] 145/207 (70.0%) OK:145 FAIL:0
  [biws] 150/207 (72.5%) OK:150 FAIL:0
  [biws] 155/207 (74.9%) OK:155 FAIL:0
  [biws] 160/207 (77.3%) OK:160 FAIL:0
  [biws] 165/207 (79.7%) OK:165 FAIL:0
  [biws] 170/207 (82.1%) OK:170 FAIL:0
  [biws] 175/207 (84.5%) OK:175 FAIL:0
  [biws] 180/207 (87.0%) OK:180 FAIL:0
  [biws] 185/207 (89.4%) OK:185 FAIL:0
  [biws] 190/207 (91.8%) OK:190 FAIL:0
  [biws] 195/207 (94.2%) OK:195 FAIL:0
  [biws] 200/207 (96.6%) OK:200 FAIL:0
  [biws] 205/207 (99.0%) OK:205 FAIL:0
  [biws] 207/207 (100.0%) OK:207 FAIL:0

[biws] DONE: 207 saved, 0 failed, 0 skipped out of 207
