[cfi] Discovering URLs from https://corporatefinanceinstitute.com...
[cfi] Map found 5000 URLs
[cfi] 4523 URLs to scrape
  [cfi] 5/4523 (0.1%) OK:5 FAIL:0
  [cfi] 10/4523 (0.2%) OK:10 FAIL:0
  [cfi] 15/4523 (0.3%) OK:15 FAIL:0
  [cfi] 20/4523 (0.4%) OK:20 FAIL:0
  [cfi] 25/4523 (0.6%) OK:25 FAIL:0
  [cfi] 30/4523 (0.7%) OK:30 FAIL:0
  [cfi] 35/4523 (0.8%) OK:35 FAIL:0
  [cfi] 40/4523 (0.9%) OK:40 FAIL:0
  [cfi] 45/4523 (1.0%) OK:45 FAIL:0
  [cfi] 50/4523 (1.1%) OK:50 FAIL:0
  [cfi] 55/4523 (1.2%) OK:55 FAIL:0
  [cfi] 60/4523 (1.3%) OK:60 FAIL:0
  [cfi] 65/4523 (1.4%) OK:65 FAIL:0
  [cfi] 70/4523 (1.5%) OK:70 FAIL:0
  [cfi] 75/4523 (1.7%) OK:75 FAIL:0
  [cfi] 80/4523 (1.8%) OK:80 FAIL:0
  [cfi] 85/4523 (1.9%) OK:85 FAIL:0
  [cfi] 90/4523 (2.0%) OK:90 FAIL:0
  [cfi] 95/4523 (2.1%) OK:95 FAIL:0
  [cfi] 100/4523 (2.2%) OK:100 FAIL:0
  [cfi] 105/4523 (2.3%) OK:105 FAIL:0
  [cfi] 110/4523 (2.4%) OK:110 FAIL:0
  [cfi] 115/4523 (2.5%) OK:115 FAIL:0
  [cfi] 120/4523 (2.7%) OK:120 FAIL:0
  [cfi] 125/4523 (2.8%) OK:125 FAIL:0
  [cfi] 130/4523 (2.9%) OK:130 FAIL:0
  [cfi] 135/4523 (3.0%) OK:135 FAIL:0
  [cfi] 140/4523 (3.1%) OK:140 FAIL:0
  [cfi] 145/4523 (3.2%) OK:145 FAIL:0
  [cfi] 150/4523 (3.3%) OK:150 FAIL:0
  [cfi] 155/4523 (3.4%) OK:155 FAIL:0
  [cfi] 160/4523 (3.5%) OK:160 FAIL:0
  [cfi] 165/4523 (3.6%) OK:165 FAIL:0
  [cfi] 170/4523 (3.8%) OK:170 FAIL:0
  [cfi] 175/4523 (3.9%) OK:175 FAIL:0
  [cfi] 180/4523 (4.0%) OK:180 FAIL:0
  [cfi] 185/4523 (4.1%) OK:185 FAIL:0
  [cfi] 190/4523 (4.2%) OK:190 FAIL:0
  [cfi] 195/4523 (4.3%) OK:195 FAIL:0
  [cfi] 200/4523 (4.4%) OK:200 FAIL:0
  [cfi] 205/4523 (4.5%) OK:205 FAIL:0
  [cfi] 210/4523 (4.6%) OK:210 FAIL:0
  [cfi] 215/4523 (4.8%) OK:215 FAIL:0
  [cfi] 220/4523 (4.9%) OK:220 FAIL:0
  [cfi] 225/4523 (5.0%) OK:225 FAIL:0
  [cfi] 230/4523 (5.1%) OK:230 FAIL:0
  [cfi] 235/4523 (5.2%) OK:235 FAIL:0
  [cfi] 240/4523 (5.3%) OK:240 FAIL:0
  [cfi] 245/4523 (5.4%) OK:245 FAIL:0
  [cfi] 250/4523 (5.5%) OK:250 FAIL:0
  [cfi] 255/4523 (5.6%) OK:255 FAIL:0
  [cfi] 260/4523 (5.7%) OK:260 FAIL:0
  [cfi] 265/4523 (5.9%) OK:265 FAIL:0
  [cfi] 270/4523 (6.0%) OK:270 FAIL:0
  [cfi] 275/4523 (6.1%) OK:275 FAIL:0
  [cfi] 280/4523 (6.2%) OK:280 FAIL:0
  [cfi] 285/4523 (6.3%) OK:285 FAIL:0
  [cfi] 290/4523 (6.4%) OK:290 FAIL:0
  [cfi] 295/4523 (6.5%) OK:295 FAIL:0
  [cfi] 300/4523 (6.6%) OK:300 FAIL:0
  [cfi] 305/4523 (6.7%) OK:305 FAIL:0
  [cfi] 310/4523 (6.9%) OK:310 FAIL:0
  [cfi] 315/4523 (7.0%) OK:315 FAIL:0
  [cfi] 320/4523 (7.1%) OK:320 FAIL:0
  [cfi] 325/4523 (7.2%) OK:325 FAIL:0
  [cfi] 330/4523 (7.3%) OK:330 FAIL:0
  [cfi] 335/4523 (7.4%) OK:335 FAIL:0
  [cfi] 340/4523 (7.5%) OK:340 FAIL:0
  [cfi] 345/4523 (7.6%) OK:345 FAIL:0
  [cfi] 350/4523 (7.7%) OK:350 FAIL:0
  [cfi] 355/4523 (7.8%) OK:355 FAIL:0
  [cfi] 360/4523 (8.0%) OK:360 FAIL:0
  [cfi] 365/4523 (8.1%) OK:365 FAIL:0
  [cfi] 370/4523 (8.2%) OK:370 FAIL:0
  [cfi] 375/4523 (8.3%) OK:375 FAIL:0
  [cfi] 380/4523 (8.4%) OK:380 FAIL:0
  [cfi] 385/4523 (8.5%) OK:385 FAIL:0
  [cfi] 390/4523 (8.6%) OK:388 FAIL:2
  [cfi] 395/4523 (8.7%) OK:388 FAIL:7
  [cfi] 400/4523 (8.8%) OK:388 FAIL:12
  [cfi] 405/4523 (9.0%) OK:388 FAIL:17
  [cfi] 410/4523 (9.1%) OK:388 FAIL:22
  [cfi] 415/4523 (9.2%) OK:388 FAIL:27
  [cfi] 420/4523 (9.3%) OK:388 FAIL:32
  [cfi] 425/4523 (9.4%) OK:388 FAIL:37
  [cfi] 430/4523 (9.5%) OK:388 FAIL:42
  [cfi] 435/4523 (9.6%) OK:388 FAIL:47
  [cfi] 440/4523 (9.7%) OK:388 FAIL:52
  [cfi] 445/4523 (9.8%) OK:388 FAIL:57
  [cfi] 450/4523 (9.9%) OK:388 FAIL:62
  [cfi] 455/4523 (10.1%) OK:388 FAIL:67
  [cfi] 460/4523 (10.2%) OK:388 FAIL:72
  [cfi] 465/4523 (10.3%) OK:388 FAIL:77
  [cfi] 470/4523 (10.4%) OK:388 FAIL:82
  [cfi] 475/4523 (10.5%) OK:388 FAIL:87
  [cfi] 480/4523 (10.6%) OK:388 FAIL:92
  [cfi] 485/4523 (10.7%) OK:388 FAIL:97
  [cfi] 490/4523 (10.8%) OK:388 FAIL:102
  [cfi] 495/4523 (10.9%) OK:388 FAIL:107
  [cfi] 500/4523 (11.1%) OK:388 FAIL:112
  [cfi] 505/4523 (11.2%) OK:388 FAIL:117
  [cfi] 510/4523 (11.3%) OK:388 FAIL:122
  [cfi] 515/4523 (11.4%) OK:388 FAIL:127
  [cfi] 520/4523 (11.5%) OK:388 FAIL:132
  [cfi] 525/4523 (11.6%) OK:388 FAIL:137
  [cfi] 530/4523 (11.7%) OK:388 FAIL:142
  [cfi] 535/4523 (11.8%) OK:388 FAIL:147
  [cfi] 540/4523 (11.9%) OK:388 FAIL:152
  [cfi] 545/4523 (12.0%) OK:388 FAIL:157
  [cfi] 550/4523 (12.2%) OK:388 FAIL:162
  [cfi] 555/4523 (12.3%) OK:388 FAIL:167
  [cfi] 560/4523 (12.4%) OK:388 FAIL:172
  [cfi] 565/4523 (12.5%) OK:388 FAIL:177
  [cfi] 570/4523 (12.6%) OK:388 FAIL:182
  [cfi] 575/4523 (12.7%) OK:388 FAIL:187
  [cfi] 580/4523 (12.8%) OK:388 FAIL:192
  [cfi] 585/4523 (12.9%) OK:388 FAIL:197
  [cfi] 590/4523 (13.0%) OK:388 FAIL:202
  [cfi] 595/4523 (13.2%) OK:388 FAIL:207
  [cfi] 600/4523 (13.3%) OK:388 FAIL:212
  [cfi] 605/4523 (13.4%) OK:388 FAIL:217
  [cfi] 610/4523 (13.5%) OK:388 FAIL:222
  [cfi] 615/4523 (13.6%) OK:388 FAIL:227
  [cfi] 620/4523 (13.7%) OK:388 FAIL:232
  [cfi] 625/4523 (13.8%) OK:388 FAIL:237
  [cfi] 630/4523 (13.9%) OK:388 FAIL:242
  [cfi] 635/4523 (14.0%) OK:388 FAIL:247
  [cfi] 640/4523 (14.1%) OK:388 FAIL:252
  [cfi] 645/4523 (14.3%) OK:388 FAIL:257
  [cfi] 650/4523 (14.4%) OK:388 FAIL:262
  [cfi] 655/4523 (14.5%) OK:388 FAIL:267
  [cfi] 660/4523 (14.6%) OK:388 FAIL:272
  [cfi] 665/4523 (14.7%) OK:388 FAIL:277
  [cfi] 670/4523 (14.8%) OK:388 FAIL:282
  [cfi] 675/4523 (14.9%) OK:388 FAIL:287
  [cfi] 680/4523 (15.0%) OK:388 FAIL:292
  [cfi] 685/4523 (15.1%) OK:388 FAIL:297
  [cfi] 690/4523 (15.3%) OK:388 FAIL:302
  [cfi] 695/4523 (15.4%) OK:388 FAIL:307
  [cfi] 700/4523 (15.5%) OK:388 FAIL:312
  [cfi] 705/4523 (15.6%) OK:388 FAIL:317
  [cfi] 710/4523 (15.7%) OK:388 FAIL:322
  [cfi] 715/4523 (15.8%) OK:388 FAIL:327
  [cfi] 720/4523 (15.9%) OK:388 FAIL:332
  [cfi] 725/4523 (16.0%) OK:388 FAIL:337
  [cfi] 730/4523 (16.1%) OK:388 FAIL:342
  [cfi] 735/4523 (16.3%) OK:388 FAIL:347
  [cfi] 740/4523 (16.4%) OK:388 FAIL:352
  [cfi] 745/4523 (16.5%) OK:388 FAIL:357
  [cfi] 750/4523 (16.6%) OK:388 FAIL:362
  [cfi] 755/4523 (16.7%) OK:388 FAIL:367
  [cfi] 760/4523 (16.8%) OK:388 FAIL:372
  [cfi] 765/4523 (16.9%) OK:388 FAIL:377
  [cfi] 770/4523 (17.0%) OK:388 FAIL:382
  [cfi] 775/4523 (17.1%) OK:388 FAIL:387
  [cfi] 780/4523 (17.2%) OK:388 FAIL:392
  [cfi] 785/4523 (17.4%) OK:388 FAIL:397
  [cfi] 790/4523 (17.5%) OK:388 FAIL:402
  [cfi] 795/4523 (17.6%) OK:388 FAIL:407
  [cfi] 800/4523 (17.7%) OK:388 FAIL:412
  [cfi] 805/4523 (17.8%) OK:388 FAIL:417
  [cfi] 810/4523 (17.9%) OK:388 FAIL:422
  [cfi] 815/4523 (18.0%) OK:388 FAIL:427
  [cfi] 820/4523 (18.1%) OK:388 FAIL:432
  [cfi] 825/4523 (18.2%) OK:388 FAIL:437
  [cfi] 830/4523 (18.4%) OK:388 FAIL:442
  [cfi] 835/4523 (18.5%) OK:388 FAIL:447
  [cfi] 840/4523 (18.6%) OK:388 FAIL:452
  [cfi] 845/4523 (18.7%) OK:388 FAIL:457
  [cfi] 850/4523 (18.8%) OK:388 FAIL:462
  [cfi] 855/4523 (18.9%) OK:388 FAIL:467
  [cfi] 860/4523 (19.0%) OK:388 FAIL:472
  [cfi] 865/4523 (19.1%) OK:388 FAIL:477
  [cfi] 870/4523 (19.2%) OK:388 FAIL:482
  [cfi] 875/4523 (19.3%) OK:388 FAIL:487
  [cfi] 880/4523 (19.5%) OK:388 FAIL:492
  [cfi] 885/4523 (19.6%) OK:388 FAIL:497
  [cfi] 890/4523 (19.7%) OK:388 FAIL:502
  [cfi] 895/4523 (19.8%) OK:388 FAIL:507
  [cfi] 900/4523 (19.9%) OK:388 FAIL:512
  [cfi] 905/4523 (20.0%) OK:388 FAIL:517
  [cfi] 910/4523 (20.1%) OK:388 FAIL:522
  [cfi] 915/4523 (20.2%) OK:388 FAIL:527
  [cfi] 920/4523 (20.3%) OK:388 FAIL:532
  [cfi] 925/4523 (20.5%) OK:388 FAIL:537
  [cfi] 930/4523 (20.6%) OK:388 FAIL:542
  [cfi] 935/4523 (20.7%) OK:388 FAIL:547
  [cfi] 940/4523 (20.8%) OK:388 FAIL:552
  [cfi] 945/4523 (20.9%) OK:388 FAIL:557
  [cfi] 950/4523 (21.0%) OK:388 FAIL:562
  [cfi] 955/4523 (21.1%) OK:388 FAIL:567
  [cfi] 960/4523 (21.2%) OK:388 FAIL:572
  [cfi] 965/4523 (21.3%) OK:388 FAIL:577
  [cfi] 970/4523 (21.4%) OK:388 FAIL:582
  [cfi] 975/4523 (21.6%) OK:388 FAIL:587
  [cfi] 980/4523 (21.7%) OK:388 FAIL:592
  [cfi] 985/4523 (21.8%) OK:388 FAIL:597
  [cfi] 990/4523 (21.9%) OK:388 FAIL:602
  [cfi] 995/4523 (22.0%) OK:388 FAIL:607
  [cfi] 1000/4523 (22.1%) OK:388 FAIL:612
  [cfi] 1005/4523 (22.2%) OK:388 FAIL:617
  [cfi] 1010/4523 (22.3%) OK:388 FAIL:622
  [cfi] 1015/4523 (22.4%) OK:388 FAIL:627
  [cfi] 1020/4523 (22.6%) OK:388 FAIL:632
  [cfi] 1025/4523 (22.7%) OK:388 FAIL:637
  [cfi] 1030/4523 (22.8%) OK:388 FAIL:642
  [cfi] 1035/4523 (22.9%) OK:388 FAIL:647
  [cfi] 1040/4523 (23.0%) OK:388 FAIL:652
  [cfi] 1045/4523 (23.1%) OK:388 FAIL:657
  [cfi] 1050/4523 (23.2%) OK:388 FAIL:662
  [cfi] 1055/4523 (23.3%) OK:388 FAIL:667
  [cfi] 1060/4523 (23.4%) OK:388 FAIL:672
  [cfi] 1065/4523 (23.5%) OK:388 FAIL:677
  [cfi] 1070/4523 (23.7%) OK:388 FAIL:682
  [cfi] 1075/4523 (23.8%) OK:388 FAIL:687
  [cfi] 1080/4523 (23.9%) OK:388 FAIL:692
  [cfi] 1085/4523 (24.0%) OK:388 FAIL:697
  [cfi] 1090/4523 (24.1%) OK:388 FAIL:702
  [cfi] 1095/4523 (24.2%) OK:388 FAIL:707
  [cfi] 1100/4523 (24.3%) OK:388 FAIL:712
  [cfi] 1105/4523 (24.4%) OK:388 FAIL:717
  [cfi] 1110/4523 (24.5%) OK:388 FAIL:722
  [cfi] 1115/4523 (24.7%) OK:388 FAIL:727
  [cfi] 1120/4523 (24.8%) OK:388 FAIL:732
  [cfi] 1125/4523 (24.9%) OK:388 FAIL:737
  [cfi] 1130/4523 (25.0%) OK:388 FAIL:742
  [cfi] 1135/4523 (25.1%) OK:388 FAIL:747
  [cfi] 1140/4523 (25.2%) OK:388 FAIL:752
  [cfi] 1145/4523 (25.3%) OK:388 FAIL:757
  [cfi] 1150/4523 (25.4%) OK:388 FAIL:762
  [cfi] 1155/4523 (25.5%) OK:388 FAIL:767
  [cfi] 1160/4523 (25.6%) OK:388 FAIL:772
  [cfi] 1165/4523 (25.8%) OK:388 FAIL:777
  [cfi] 1170/4523 (25.9%) OK:388 FAIL:782
  [cfi] 1175/4523 (26.0%) OK:388 FAIL:787
  [cfi] 1180/4523 (26.1%) OK:388 FAIL:792
  [cfi] 1185/4523 (26.2%) OK:388 FAIL:797
  [cfi] 1190/4523 (26.3%) OK:388 FAIL:802
  [cfi] 1195/4523 (26.4%) OK:388 FAIL:807
  [cfi] 1200/4523 (26.5%) OK:388 FAIL:812
  [cfi] 1205/4523 (26.6%) OK:388 FAIL:817
  [cfi] 1210/4523 (26.8%) OK:388 FAIL:822
  [cfi] 1215/4523 (26.9%) OK:388 FAIL:827
  [cfi] 1220/4523 (27.0%) OK:388 FAIL:832
  [cfi] 1225/4523 (27.1%) OK:388 FAIL:837
  [cfi] 1230/4523 (27.2%) OK:388 FAIL:842
  [cfi] 1235/4523 (27.3%) OK:388 FAIL:847
  [cfi] 1240/4523 (27.4%) OK:388 FAIL:852
  [cfi] 1245/4523 (27.5%) OK:388 FAIL:857
  [cfi] 1250/4523 (27.6%) OK:388 FAIL:862
  [cfi] 1255/4523 (27.7%) OK:388 FAIL:867
  [cfi] 1260/4523 (27.9%) OK:388 FAIL:872
  [cfi] 1265/4523 (28.0%) OK:388 FAIL:877
  [cfi] 1270/4523 (28.1%) OK:388 FAIL:882
  [cfi] 1275/4523 (28.2%) OK:388 FAIL:887
  [cfi] 1280/4523 (28.3%) OK:388 FAIL:892
  [cfi] 1285/4523 (28.4%) OK:388 FAIL:897
  [cfi] 1290/4523 (28.5%) OK:388 FAIL:902
  [cfi] 1295/4523 (28.6%) OK:388 FAIL:907
  [cfi] 1300/4523 (28.7%) OK:388 FAIL:912
  [cfi] 1305/4523 (28.9%) OK:388 FAIL:917
  [cfi] 1310/4523 (29.0%) OK:388 FAIL:922
  [cfi] 1315/4523 (29.1%) OK:388 FAIL:927
  [cfi] 1320/4523 (29.2%) OK:388 FAIL:932
  [cfi] 1325/4523 (29.3%) OK:388 FAIL:937
  [cfi] 1330/4523 (29.4%) OK:388 FAIL:942
  [cfi] 1335/4523 (29.5%) OK:388 FAIL:947
  [cfi] 1340/4523 (29.6%) OK:388 FAIL:952
  [cfi] 1345/4523 (29.7%) OK:388 FAIL:957
  [cfi] 1350/4523 (29.8%) OK:388 FAIL:962
  [cfi] 1355/4523 (30.0%) OK:388 FAIL:967
  [cfi] 1360/4523 (30.1%) OK:388 FAIL:972
  [cfi] 1365/4523 (30.2%) OK:388 FAIL:977
  [cfi] 1370/4523 (30.3%) OK:388 FAIL:982
  [cfi] 1375/4523 (30.4%) OK:388 FAIL:987
  [cfi] 1380/4523 (30.5%) OK:388 FAIL:992
  [cfi] 1385/4523 (30.6%) OK:388 FAIL:997
  [cfi] 1390/4523 (30.7%) OK:388 FAIL:1002
  [cfi] 1395/4523 (30.8%) OK:388 FAIL:1007
  [cfi] 1400/4523 (31.0%) OK:388 FAIL:1012
  [cfi] 1405/4523 (31.1%) OK:388 FAIL:1017
  [cfi] 1410/4523 (31.2%) OK:388 FAIL:1022
  [cfi] 1415/4523 (31.3%) OK:388 FAIL:1027
  [cfi] 1420/4523 (31.4%) OK:388 FAIL:1032
  [cfi] 1425/4523 (31.5%) OK:388 FAIL:1037
  [cfi] 1430/4523 (31.6%) OK:388 FAIL:1042
  [cfi] 1435/4523 (31.7%) OK:388 FAIL:1047
  [cfi] 1440/4523 (31.8%) OK:388 FAIL:1052
  [cfi] 1445/4523 (31.9%) OK:388 FAIL:1057
  [cfi] 1450/4523 (32.1%) OK:388 FAIL:1062
  [cfi] 1455/4523 (32.2%) OK:388 FAIL:1067
  [cfi] 1460/4523 (32.3%) OK:388 FAIL:1072
  [cfi] 1465/4523 (32.4%) OK:388 FAIL:1077
  [cfi] 1470/4523 (32.5%) OK:388 FAIL:1082
  [cfi] 1475/4523 (32.6%) OK:388 FAIL:1087
  [cfi] 1480/4523 (32.7%) OK:388 FAIL:1092
  [cfi] 1485/4523 (32.8%) OK:388 FAIL:1097
  [cfi] 1490/4523 (32.9%) OK:388 FAIL:1102
  [cfi] 1495/4523 (33.1%) OK:388 FAIL:1107
  [cfi] 1500/4523 (33.2%) OK:388 FAIL:1112
  [cfi] 1505/4523 (33.3%) OK:388 FAIL:1117
  [cfi] 1510/4523 (33.4%) OK:388 FAIL:1122
  [cfi] 1515/4523 (33.5%) OK:388 FAIL:1127
  [cfi] 1520/4523 (33.6%) OK:388 FAIL:1132
  [cfi] 1525/4523 (33.7%) OK:388 FAIL:1137
  [cfi] 1530/4523 (33.8%) OK:388 FAIL:1142
  [cfi] 1535/4523 (33.9%) OK:388 FAIL:1147
  [cfi] 1540/4523 (34.0%) OK:388 FAIL:1152
  [cfi] 1545/4523 (34.2%) OK:388 FAIL:1157
  [cfi] 1550/4523 (34.3%) OK:388 FAIL:1162
  [cfi] 1555/4523 (34.4%) OK:388 FAIL:1167
  [cfi] 1560/4523 (34.5%) OK:388 FAIL:1172
  [cfi] 1565/4523 (34.6%) OK:388 FAIL:1177
  [cfi] 1570/4523 (34.7%) OK:388 FAIL:1182
  [cfi] 1575/4523 (34.8%) OK:388 FAIL:1187
  [cfi] 1580/4523 (34.9%) OK:388 FAIL:1192
  [cfi] 1585/4523 (35.0%) OK:388 FAIL:1197
  [cfi] 1590/4523 (35.2%) OK:388 FAIL:1202
  [cfi] 1595/4523 (35.3%) OK:388 FAIL:1207
  [cfi] 1600/4523 (35.4%) OK:388 FAIL:1212
  [cfi] 1605/4523 (35.5%) OK:388 FAIL:1217
  [cfi] 1610/4523 (35.6%) OK:388 FAIL:1222
  [cfi] 1615/4523 (35.7%) OK:388 FAIL:1227
  [cfi] 1620/4523 (35.8%) OK:388 FAIL:1232
  [cfi] 1625/4523 (35.9%) OK:388 FAIL:1237
  [cfi] 1630/4523 (36.0%) OK:388 FAIL:1242
  [cfi] 1635/4523 (36.1%) OK:388 FAIL:1247
  [cfi] 1640/4523 (36.3%) OK:388 FAIL:1252
  [cfi] 1645/4523 (36.4%) OK:388 FAIL:1257
  [cfi] 1650/4523 (36.5%) OK:388 FAIL:1262
  [cfi] 1655/4523 (36.6%) OK:388 FAIL:1267
  [cfi] 1660/4523 (36.7%) OK:388 FAIL:1272
  [cfi] 1665/4523 (36.8%) OK:388 FAIL:1277
  [cfi] 1670/4523 (36.9%) OK:388 FAIL:1282
  [cfi] 1675/4523 (37.0%) OK:388 FAIL:1287
  [cfi] 1680/4523 (37.1%) OK:388 FAIL:1292
  [cfi] 1685/4523 (37.3%) OK:388 FAIL:1297
  [cfi] 1690/4523 (37.4%) OK:388 FAIL:1302
  [cfi] 1695/4523 (37.5%) OK:388 FAIL:1307
  [cfi] 1700/4523 (37.6%) OK:388 FAIL:1312
  [cfi] 1705/4523 (37.7%) OK:388 FAIL:1317
  [cfi] 1710/4523 (37.8%) OK:388 FAIL:1322
  [cfi] 1715/4523 (37.9%) OK:388 FAIL:1327
  [cfi] 1720/4523 (38.0%) OK:388 FAIL:1332
  [cfi] 1725/4523 (38.1%) OK:388 FAIL:1337
  [cfi] 1730/4523 (38.2%) OK:388 FAIL:1342
  [cfi] 1735/4523 (38.4%) OK:388 FAIL:1347
  [cfi] 1740/4523 (38.5%) OK:388 FAIL:1352
  [cfi] 1745/4523 (38.6%) OK:388 FAIL:1357
  [cfi] 1750/4523 (38.7%) OK:388 FAIL:1362
  [cfi] 1755/4523 (38.8%) OK:388 FAIL:1367
  [cfi] 1760/4523 (38.9%) OK:388 FAIL:1372
  [cfi] 1765/4523 (39.0%) OK:388 FAIL:1377
  [cfi] 1770/4523 (39.1%) OK:388 FAIL:1382
  [cfi] 1775/4523 (39.2%) OK:388 FAIL:1387
  [cfi] 1780/4523 (39.4%) OK:388 FAIL:1392
  [cfi] 1785/4523 (39.5%) OK:388 FAIL:1397
  [cfi] 1790/4523 (39.6%) OK:388 FAIL:1402
  [cfi] 1795/4523 (39.7%) OK:388 FAIL:1407
  [cfi] 1800/4523 (39.8%) OK:388 FAIL:1412
  [cfi] 1805/4523 (39.9%) OK:388 FAIL:1417
  [cfi] 1810/4523 (40.0%) OK:388 FAIL:1422
  [cfi] 1815/4523 (40.1%) OK:388 FAIL:1427
  [cfi] 1820/4523 (40.2%) OK:388 FAIL:1432
  [cfi] 1825/4523 (40.3%) OK:388 FAIL:1437
  [cfi] 1830/4523 (40.5%) OK:388 FAIL:1442
  [cfi] 1835/4523 (40.6%) OK:388 FAIL:1447
  [cfi] 1840/4523 (40.7%) OK:388 FAIL:1452
  [cfi] 1845/4523 (40.8%) OK:388 FAIL:1457
  [cfi] 1850/4523 (40.9%) OK:388 FAIL:1462
  [cfi] 1855/4523 (41.0%) OK:388 FAIL:1467
  [cfi] 1860/4523 (41.1%) OK:388 FAIL:1472
  [cfi] 1865/4523 (41.2%) OK:388 FAIL:1477
  [cfi] 1870/4523 (41.3%) OK:388 FAIL:1482
  [cfi] 1875/4523 (41.5%) OK:388 FAIL:1487
  [cfi] 1880/4523 (41.6%) OK:388 FAIL:1492
  [cfi] 1885/4523 (41.7%) OK:388 FAIL:1497
  [cfi] 1890/4523 (41.8%) OK:388 FAIL:1502
  [cfi] 1895/4523 (41.9%) OK:388 FAIL:1507
  [cfi] 1900/4523 (42.0%) OK:388 FAIL:1512
  [cfi] 1905/4523 (42.1%) OK:388 FAIL:1517
  [cfi] 1910/4523 (42.2%) OK:388 FAIL:1522
  [cfi] 1915/4523 (42.3%) OK:388 FAIL:1527
  [cfi] 1920/4523 (42.4%) OK:388 FAIL:1532
  [cfi] 1925/4523 (42.6%) OK:388 FAIL:1537
  [cfi] 1930/4523 (42.7%) OK:388 FAIL:1542
  [cfi] 1935/4523 (42.8%) OK:388 FAIL:1547
  [cfi] 1940/4523 (42.9%) OK:388 FAIL:1552
  [cfi] 1945/4523 (43.0%) OK:388 FAIL:1557
  [cfi] 1950/4523 (43.1%) OK:388 FAIL:1562
  [cfi] 1955/4523 (43.2%) OK:388 FAIL:1567
  [cfi] 1960/4523 (43.3%) OK:388 FAIL:1572
  [cfi] 1965/4523 (43.4%) OK:388 FAIL:1577
  [cfi] 1970/4523 (43.6%) OK:388 FAIL:1582
  [cfi] 1975/4523 (43.7%) OK:388 FAIL:1587
  [cfi] 1980/4523 (43.8%) OK:388 FAIL:1592
  [cfi] 1985/4523 (43.9%) OK:388 FAIL:1597
  [cfi] 1990/4523 (44.0%) OK:388 FAIL:1602
  [cfi] 1995/4523 (44.1%) OK:388 FAIL:1607
  [cfi] 2000/4523 (44.2%) OK:388 FAIL:1612
  [cfi] 2005/4523 (44.3%) OK:388 FAIL:1617
  [cfi] 2010/4523 (44.4%) OK:388 FAIL:1622
  [cfi] 2015/4523 (44.6%) OK:388 FAIL:1627
  [cfi] 2020/4523 (44.7%) OK:388 FAIL:1632
  [cfi] 2025/4523 (44.8%) OK:388 FAIL:1637
  [cfi] 2030/4523 (44.9%) OK:388 FAIL:1642
  [cfi] 2035/4523 (45.0%) OK:388 FAIL:1647
  [cfi] 2040/4523 (45.1%) OK:388 FAIL:1652
  [cfi] 2045/4523 (45.2%) OK:388 FAIL:1657
  [cfi] 2050/4523 (45.3%) OK:388 FAIL:1662
  [cfi] 2055/4523 (45.4%) OK:388 FAIL:1667
  [cfi] 2060/4523 (45.5%) OK:388 FAIL:1672
  [cfi] 2065/4523 (45.7%) OK:388 FAIL:1677
  [cfi] 2070/4523 (45.8%) OK:388 FAIL:1682
  [cfi] 2075/4523 (45.9%) OK:388 FAIL:1687
  [cfi] 2080/4523 (46.0%) OK:388 FAIL:1692
  [cfi] 2085/4523 (46.1%) OK:388 FAIL:1697
  [cfi] 2090/4523 (46.2%) OK:388 FAIL:1702
  [cfi] 2095/4523 (46.3%) OK:388 FAIL:1707
  [cfi] 2100/4523 (46.4%) OK:388 FAIL:1712
  [cfi] 2105/4523 (46.5%) OK:388 FAIL:1717
  [cfi] 2110/4523 (46.7%) OK:388 FAIL:1722
  [cfi] 2115/4523 (46.8%) OK:388 FAIL:1727
  [cfi] 2120/4523 (46.9%) OK:388 FAIL:1732
  [cfi] 2125/4523 (47.0%) OK:388 FAIL:1737
  [cfi] 2130/4523 (47.1%) OK:388 FAIL:1742
  [cfi] 2135/4523 (47.2%) OK:388 FAIL:1747
  [cfi] 2140/4523 (47.3%) OK:388 FAIL:1752
  [cfi] 2145/4523 (47.4%) OK:388 FAIL:1757
  [cfi] 2150/4523 (47.5%) OK:388 FAIL:1762
  [cfi] 2155/4523 (47.6%) OK:388 FAIL:1767
  [cfi] 2160/4523 (47.8%) OK:388 FAIL:1772
  [cfi] 2165/4523 (47.9%) OK:388 FAIL:1777
  [cfi] 2170/4523 (48.0%) OK:388 FAIL:1782
  [cfi] 2175/4523 (48.1%) OK:388 FAIL:1787
  [cfi] 2180/4523 (48.2%) OK:388 FAIL:1792
  [cfi] 2185/4523 (48.3%) OK:388 FAIL:1797
  [cfi] 2190/4523 (48.4%) OK:388 FAIL:1802
  [cfi] 2195/4523 (48.5%) OK:388 FAIL:1807
  [cfi] 2200/4523 (48.6%) OK:388 FAIL:1812
  [cfi] 2205/4523 (48.8%) OK:388 FAIL:1817
  [cfi] 2210/4523 (48.9%) OK:388 FAIL:1822
  [cfi] 2215/4523 (49.0%) OK:388 FAIL:1827
  [cfi] 2220/4523 (49.1%) OK:388 FAIL:1832
  [cfi] 2225/4523 (49.2%) OK:388 FAIL:1837
  [cfi] 2230/4523 (49.3%) OK:388 FAIL:1842
  [cfi] 2235/4523 (49.4%) OK:388 FAIL:1847
  [cfi] 2240/4523 (49.5%) OK:388 FAIL:1852
  [cfi] 2245/4523 (49.6%) OK:388 FAIL:1857
  [cfi] 2250/4523 (49.7%) OK:388 FAIL:1862
  [cfi] 2255/4523 (49.9%) OK:388 FAIL:1867
  [cfi] 2260/4523 (50.0%) OK:388 FAIL:1872
  [cfi] 2265/4523 (50.1%) OK:388 FAIL:1877
  [cfi] 2270/4523 (50.2%) OK:388 FAIL:1882
  [cfi] 2275/4523 (50.3%) OK:388 FAIL:1887
  [cfi] 2280/4523 (50.4%) OK:388 FAIL:1892
  [cfi] 2285/4523 (50.5%) OK:388 FAIL:1897
  [cfi] 2290/4523 (50.6%) OK:388 FAIL:1902
  [cfi] 2295/4523 (50.7%) OK:388 FAIL:1907
  [cfi] 2300/4523 (50.9%) OK:388 FAIL:1912
  [cfi] 2305/4523 (51.0%) OK:388 FAIL:1917
  [cfi] 2310/4523 (51.1%) OK:388 FAIL:1922
  [cfi] 2315/4523 (51.2%) OK:388 FAIL:1927
  [cfi] 2320/4523 (51.3%) OK:388 FAIL:1932
  [cfi] 2325/4523 (51.4%) OK:388 FAIL:1937
  [cfi] 2330/4523 (51.5%) OK:388 FAIL:1942
  [cfi] 2335/4523 (51.6%) OK:388 FAIL:1947
  [cfi] 2340/4523 (51.7%) OK:388 FAIL:1952
  [cfi] 2345/4523 (51.8%) OK:388 FAIL:1957
  [cfi] 2350/4523 (52.0%) OK:388 FAIL:1962
  [cfi] 2355/4523 (52.1%) OK:388 FAIL:1967
  [cfi] 2360/4523 (52.2%) OK:388 FAIL:1972
  [cfi] 2365/4523 (52.3%) OK:388 FAIL:1977
  [cfi] 2370/4523 (52.4%) OK:388 FAIL:1982
  [cfi] 2375/4523 (52.5%) OK:388 FAIL:1987
  [cfi] 2380/4523 (52.6%) OK:388 FAIL:1992
  [cfi] 2385/4523 (52.7%) OK:388 FAIL:1997
  [cfi] 2390/4523 (52.8%) OK:388 FAIL:2002
  [cfi] 2395/4523 (53.0%) OK:388 FAIL:2007
  [cfi] 2400/4523 (53.1%) OK:388 FAIL:2012
  [cfi] 2405/4523 (53.2%) OK:388 FAIL:2017
  [cfi] 2410/4523 (53.3%) OK:388 FAIL:2022
  [cfi] 2415/4523 (53.4%) OK:388 FAIL:2027
  [cfi] 2420/4523 (53.5%) OK:388 FAIL:2032
  [cfi] 2425/4523 (53.6%) OK:388 FAIL:2037
  [cfi] 2430/4523 (53.7%) OK:388 FAIL:2042
  [cfi] 2435/4523 (53.8%) OK:388 FAIL:2047
  [cfi] 2440/4523 (53.9%) OK:388 FAIL:2052
  [cfi] 2445/4523 (54.1%) OK:388 FAIL:2057
  [cfi] 2450/4523 (54.2%) OK:388 FAIL:2062
  [cfi] 2455/4523 (54.3%) OK:388 FAIL:2067
  [cfi] 2460/4523 (54.4%) OK:388 FAIL:2072
  [cfi] 2465/4523 (54.5%) OK:388 FAIL:2077
  [cfi] 2470/4523 (54.6%) OK:388 FAIL:2082
  [cfi] 2475/4523 (54.7%) OK:388 FAIL:2087
  [cfi] 2480/4523 (54.8%) OK:388 FAIL:2092
  [cfi] 2485/4523 (54.9%) OK:388 FAIL:2097
  [cfi] 2490/4523 (55.1%) OK:388 FAIL:2102
  [cfi] 2495/4523 (55.2%) OK:388 FAIL:2107
  [cfi] 2500/4523 (55.3%) OK:388 FAIL:2112
  [cfi] 2505/4523 (55.4%) OK:388 FAIL:2117
  [cfi] 2510/4523 (55.5%) OK:388 FAIL:2122
  [cfi] 2515/4523 (55.6%) OK:388 FAIL:2127
  [cfi] 2520/4523 (55.7%) OK:388 FAIL:2132
  [cfi] 2525/4523 (55.8%) OK:388 FAIL:2137
  [cfi] 2530/4523 (55.9%) OK:388 FAIL:2142
  [cfi] 2535/4523 (56.0%) OK:388 FAIL:2147
  [cfi] 2540/4523 (56.2%) OK:388 FAIL:2152
  [cfi] 2545/4523 (56.3%) OK:388 FAIL:2157
  [cfi] 2550/4523 (56.4%) OK:388 FAIL:2162
  [cfi] 2555/4523 (56.5%) OK:388 FAIL:2167
  [cfi] 2560/4523 (56.6%) OK:388 FAIL:2172
  [cfi] 2565/4523 (56.7%) OK:388 FAIL:2177
  [cfi] 2570/4523 (56.8%) OK:388 FAIL:2182
  [cfi] 2575/4523 (56.9%) OK:388 FAIL:2187
  [cfi] 2580/4523 (57.0%) OK:388 FAIL:2192
  [cfi] 2585/4523 (57.2%) OK:388 FAIL:2197
  [cfi] 2590/4523 (57.3%) OK:388 FAIL:2202
  [cfi] 2595/4523 (57.4%) OK:388 FAIL:2207
  [cfi] 2600/4523 (57.5%) OK:388 FAIL:2212
  [cfi] 2605/4523 (57.6%) OK:388 FAIL:2217
  [cfi] 2610/4523 (57.7%) OK:388 FAIL:2222
  [cfi] 2615/4523 (57.8%) OK:388 FAIL:2227
  [cfi] 2620/4523 (57.9%) OK:388 FAIL:2232
  [cfi] 2625/4523 (58.0%) OK:388 FAIL:2237
  [cfi] 2630/4523 (58.1%) OK:388 FAIL:2242
  [cfi] 2635/4523 (58.3%) OK:388 FAIL:2247
  [cfi] 2640/4523 (58.4%) OK:388 FAIL:2252
  [cfi] 2645/4523 (58.5%) OK:388 FAIL:2257
  [cfi] 2650/4523 (58.6%) OK:388 FAIL:2262
  [cfi] 2655/4523 (58.7%) OK:388 FAIL:2267
  [cfi] 2660/4523 (58.8%) OK:388 FAIL:2272
  [cfi] 2665/4523 (58.9%) OK:388 FAIL:2277
  [cfi] 2670/4523 (59.0%) OK:388 FAIL:2282
  [cfi] 2675/4523 (59.1%) OK:388 FAIL:2287
  [cfi] 2680/4523 (59.3%) OK:388 FAIL:2292
  [cfi] 2685/4523 (59.4%) OK:388 FAIL:2297
  [cfi] 2690/4523 (59.5%) OK:388 FAIL:2302
  [cfi] 2695/4523 (59.6%) OK:388 FAIL:2307
  [cfi] 2700/4523 (59.7%) OK:388 FAIL:2312
  [cfi] 2705/4523 (59.8%) OK:388 FAIL:2317
  [cfi] 2710/4523 (59.9%) OK:388 FAIL:2322
  [cfi] 2715/4523 (60.0%) OK:388 FAIL:2327
  [cfi] 2720/4523 (60.1%) OK:388 FAIL:2332
  [cfi] 2725/4523 (60.2%) OK:388 FAIL:2337
  [cfi] 2730/4523 (60.4%) OK:388 FAIL:2342
  [cfi] 2735/4523 (60.5%) OK:388 FAIL:2347
  [cfi] 2740/4523 (60.6%) OK:388 FAIL:2352
  [cfi] 2745/4523 (60.7%) OK:388 FAIL:2357
  [cfi] 2750/4523 (60.8%) OK:388 FAIL:2362
  [cfi] 2755/4523 (60.9%) OK:388 FAIL:2367
  [cfi] 2760/4523 (61.0%) OK:388 FAIL:2372
  [cfi] 2765/4523 (61.1%) OK:388 FAIL:2377
  [cfi] 2770/4523 (61.2%) OK:388 FAIL:2382
  [cfi] 2775/4523 (61.4%) OK:388 FAIL:2387
  [cfi] 2780/4523 (61.5%) OK:388 FAIL:2392
  [cfi] 2785/4523 (61.6%) OK:388 FAIL:2397
  [cfi] 2790/4523 (61.7%) OK:388 FAIL:2402
  [cfi] 2795/4523 (61.8%) OK:388 FAIL:2407
  [cfi] 2800/4523 (61.9%) OK:388 FAIL:2412
  [cfi] 2805/4523 (62.0%) OK:388 FAIL:2417
  [cfi] 2810/4523 (62.1%) OK:388 FAIL:2422
  [cfi] 2815/4523 (62.2%) OK:388 FAIL:2427
  [cfi] 2820/4523 (62.3%) OK:388 FAIL:2432
  [cfi] 2825/4523 (62.5%) OK:388 FAIL:2437
  [cfi] 2830/4523 (62.6%) OK:388 FAIL:2442
  [cfi] 2835/4523 (62.7%) OK:388 FAIL:2447
  [cfi] 2840/4523 (62.8%) OK:388 FAIL:2452
  [cfi] 2845/4523 (62.9%) OK:388 FAIL:2457
  [cfi] 2850/4523 (63.0%) OK:388 FAIL:2462
  [cfi] 2855/4523 (63.1%) OK:388 FAIL:2467
  [cfi] 2860/4523 (63.2%) OK:388 FAIL:2472
  [cfi] 2865/4523 (63.3%) OK:388 FAIL:2477
  [cfi] 2870/4523 (63.5%) OK:388 FAIL:2482
  [cfi] 2875/4523 (63.6%) OK:388 FAIL:2487
  [cfi] 2880/4523 (63.7%) OK:388 FAIL:2492
  [cfi] 2885/4523 (63.8%) OK:388 FAIL:2497
  [cfi] 2890/4523 (63.9%) OK:388 FAIL:2502
  [cfi] 2895/4523 (64.0%) OK:388 FAIL:2507
  [cfi] 2900/4523 (64.1%) OK:388 FAIL:2512
  [cfi] 2905/4523 (64.2%) OK:388 FAIL:2517
  [cfi] 2910/4523 (64.3%) OK:388 FAIL:2522
  [cfi] 2915/4523 (64.4%) OK:388 FAIL:2527
  [cfi] 2920/4523 (64.6%) OK:388 FAIL:2532
  [cfi] 2925/4523 (64.7%) OK:388 FAIL:2537
  [cfi] 2930/4523 (64.8%) OK:388 FAIL:2542
  [cfi] 2935/4523 (64.9%) OK:388 FAIL:2547
  [cfi] 2940/4523 (65.0%) OK:388 FAIL:2552
  [cfi] 2945/4523 (65.1%) OK:388 FAIL:2557
  [cfi] 2950/4523 (65.2%) OK:388 FAIL:2562
  [cfi] 2955/4523 (65.3%) OK:388 FAIL:2567
  [cfi] 2960/4523 (65.4%) OK:388 FAIL:2572
  [cfi] 2965/4523 (65.6%) OK:388 FAIL:2577
  [cfi] 2970/4523 (65.7%) OK:388 FAIL:2582
  [cfi] 2975/4523 (65.8%) OK:388 FAIL:2587
  [cfi] 2980/4523 (65.9%) OK:388 FAIL:2592
  [cfi] 2985/4523 (66.0%) OK:388 FAIL:2597
  [cfi] 2990/4523 (66.1%) OK:388 FAIL:2602
  [cfi] 2995/4523 (66.2%) OK:388 FAIL:2607
  [cfi] 3000/4523 (66.3%) OK:388 FAIL:2612
  [cfi] 3005/4523 (66.4%) OK:388 FAIL:2617
  [cfi] 3010/4523 (66.5%) OK:388 FAIL:2622
  [cfi] 3015/4523 (66.7%) OK:388 FAIL:2627
  [cfi] 3020/4523 (66.8%) OK:388 FAIL:2632
  [cfi] 3025/4523 (66.9%) OK:388 FAIL:2637
  [cfi] 3030/4523 (67.0%) OK:388 FAIL:2642
  [cfi] 3035/4523 (67.1%) OK:388 FAIL:2647
  [cfi] 3040/4523 (67.2%) OK:388 FAIL:2652
  [cfi] 3045/4523 (67.3%) OK:388 FAIL:2657
  [cfi] 3050/4523 (67.4%) OK:388 FAIL:2662
  [cfi] 3055/4523 (67.5%) OK:388 FAIL:2667
  [cfi] 3060/4523 (67.7%) OK:388 FAIL:2672
  [cfi] 3065/4523 (67.8%) OK:388 FAIL:2677
  [cfi] 3070/4523 (67.9%) OK:388 FAIL:2682
  [cfi] 3075/4523 (68.0%) OK:388 FAIL:2687
  [cfi] 3080/4523 (68.1%) OK:388 FAIL:2692
  [cfi] 3085/4523 (68.2%) OK:388 FAIL:2697
  [cfi] 3090/4523 (68.3%) OK:388 FAIL:2702
  [cfi] 3095/4523 (68.4%) OK:388 FAIL:2707
  [cfi] 3100/4523 (68.5%) OK:388 FAIL:2712
  [cfi] 3105/4523 (68.6%) OK:388 FAIL:2717
  [cfi] 3110/4523 (68.8%) OK:388 FAIL:2722
  [cfi] 3115/4523 (68.9%) OK:388 FAIL:2727
  [cfi] 3120/4523 (69.0%) OK:388 FAIL:2732
  [cfi] 3125/4523 (69.1%) OK:392 FAIL:2733
  [cfi] 3130/4523 (69.2%) OK:397 FAIL:2733
  [cfi] 3135/4523 (69.3%) OK:402 FAIL:2733
  [cfi] 3140/4523 (69.4%) OK:407 FAIL:2733
  [cfi] 3145/4523 (69.5%) OK:412 FAIL:2733
  [cfi] 3150/4523 (69.6%) OK:417 FAIL:2733
  [cfi] 3155/4523 (69.8%) OK:422 FAIL:2733
  [cfi] 3160/4523 (69.9%) OK:427 FAIL:2733
  [cfi] 3165/4523 (70.0%) OK:432 FAIL:2733
  [cfi] 3170/4523 (70.1%) OK:437 FAIL:2733
  [cfi] 3175/4523 (70.2%) OK:442 FAIL:2733
  [cfi] 3180/4523 (70.3%) OK:447 FAIL:2733
  [cfi] 3185/4523 (70.4%) OK:452 FAIL:2733
  [cfi] 3190/4523 (70.5%) OK:457 FAIL:2733
  [cfi] 3195/4523 (70.6%) OK:462 FAIL:2733
  [cfi] 3200/4523 (70.7%) OK:467 FAIL:2733
  [cfi] 3205/4523 (70.9%) OK:472 FAIL:2733
  [cfi] 3210/4523 (71.0%) OK:477 FAIL:2733
  [cfi] 3215/4523 (71.1%) OK:482 FAIL:2733
  [cfi] 3220/4523 (71.2%) OK:487 FAIL:2733
  [cfi] 3225/4523 (71.3%) OK:492 FAIL:2733
  [cfi] 3230/4523 (71.4%) OK:497 FAIL:2733
  [cfi] 3235/4523 (71.5%) OK:502 FAIL:2733
  [cfi] 3240/4523 (71.6%) OK:507 FAIL:2733
  [cfi] 3245/4523 (71.7%) OK:512 FAIL:2733
  [cfi] 3250/4523 (71.9%) OK:517 FAIL:2733
  [cfi] 3255/4523 (72.0%) OK:522 FAIL:2733
  [cfi] 3260/4523 (72.1%) OK:527 FAIL:2733
  [cfi] 3265/4523 (72.2%) OK:532 FAIL:2733
  [cfi] 3270/4523 (72.3%) OK:537 FAIL:2733
  [cfi] 3275/4523 (72.4%) OK:542 FAIL:2733
  [cfi] 3280/4523 (72.5%) OK:547 FAIL:2733
  [cfi] 3285/4523 (72.6%) OK:552 FAIL:2733
  [cfi] 3290/4523 (72.7%) OK:557 FAIL:2733
  [cfi] 3295/4523 (72.8%) OK:562 FAIL:2733
  [cfi] 3300/4523 (73.0%) OK:567 FAIL:2733
  [cfi] 3305/4523 (73.1%) OK:572 FAIL:2733
  [cfi] 3310/4523 (73.2%) OK:577 FAIL:2733
  [cfi] 3315/4523 (73.3%) OK:582 FAIL:2733
  [cfi] 3320/4523 (73.4%) OK:587 FAIL:2733
  [cfi] 3325/4523 (73.5%) OK:592 FAIL:2733
  [cfi] 3330/4523 (73.6%) OK:597 FAIL:2733
  [cfi] 3335/4523 (73.7%) OK:602 FAIL:2733
  [cfi] 3340/4523 (73.8%) OK:607 FAIL:2733
  [cfi] 3345/4523 (74.0%) OK:612 FAIL:2733
  [cfi] 3350/4523 (74.1%) OK:617 FAIL:2733
  [cfi] 3355/4523 (74.2%) OK:622 FAIL:2733
  [cfi] 3360/4523 (74.3%) OK:627 FAIL:2733
  [cfi] 3365/4523 (74.4%) OK:632 FAIL:2733
  [cfi] 3370/4523 (74.5%) OK:637 FAIL:2733
  [cfi] 3375/4523 (74.6%) OK:642 FAIL:2733
  [cfi] 3380/4523 (74.7%) OK:647 FAIL:2733
  [cfi] 3385/4523 (74.8%) OK:652 FAIL:2733
  [cfi] 3390/4523 (75.0%) OK:657 FAIL:2733
  [cfi] 3395/4523 (75.1%) OK:662 FAIL:2733
  [cfi] 3400/4523 (75.2%) OK:667 FAIL:2733
  [cfi] 3405/4523 (75.3%) OK:672 FAIL:2733
  [cfi] 3410/4523 (75.4%) OK:677 FAIL:2733
  [cfi] 3415/4523 (75.5%) OK:682 FAIL:2733
  [cfi] 3420/4523 (75.6%) OK:687 FAIL:2733
  [cfi] 3425/4523 (75.7%) OK:692 FAIL:2733
  [cfi] 3430/4523 (75.8%) OK:697 FAIL:2733
  [cfi] 3435/4523 (75.9%) OK:702 FAIL:2733
  [cfi] 3440/4523 (76.1%) OK:707 FAIL:2733
  [cfi] 3445/4523 (76.2%) OK:712 FAIL:2733
  [cfi] 3450/4523 (76.3%) OK:717 FAIL:2733
  [cfi] 3455/4523 (76.4%) OK:722 FAIL:2733
  [cfi] 3460/4523 (76.5%) OK:727 FAIL:2733
  [cfi] 3465/4523 (76.6%) OK:732 FAIL:2733
  [cfi] 3470/4523 (76.7%) OK:737 FAIL:2733
  [cfi] 3475/4523 (76.8%) OK:742 FAIL:2733
  [cfi] 3480/4523 (76.9%) OK:747 FAIL:2733
  [cfi] 3485/4523 (77.1%) OK:752 FAIL:2733
  [cfi] 3490/4523 (77.2%) OK:757 FAIL:2733
  [cfi] 3495/4523 (77.3%) OK:762 FAIL:2733
  [cfi] 3500/4523 (77.4%) OK:767 FAIL:2733
  [cfi] 3505/4523 (77.5%) OK:772 FAIL:2733
  [cfi] 3510/4523 (77.6%) OK:777 FAIL:2733
  [cfi] 3515/4523 (77.7%) OK:782 FAIL:2733
  [cfi] 3520/4523 (77.8%) OK:787 FAIL:2733
  [cfi] 3525/4523 (77.9%) OK:792 FAIL:2733
  [cfi] 3530/4523 (78.0%) OK:797 FAIL:2733
  [cfi] 3535/4523 (78.2%) OK:802 FAIL:2733
  [cfi] 3540/4523 (78.3%) OK:807 FAIL:2733
  [cfi] 3545/4523 (78.4%) OK:812 FAIL:2733
  [cfi] 3550/4523 (78.5%) OK:817 FAIL:2733
  [cfi] 3555/4523 (78.6%) OK:822 FAIL:2733
  [cfi] 3560/4523 (78.7%) OK:827 FAIL:2733
  [cfi] 3565/4523 (78.8%) OK:832 FAIL:2733
  [cfi] 3570/4523 (78.9%) OK:837 FAIL:2733
  [cfi] 3575/4523 (79.0%) OK:842 FAIL:2733
  [cfi] 3580/4523 (79.2%) OK:847 FAIL:2733
  [cfi] 3585/4523 (79.3%) OK:852 FAIL:2733
  [cfi] 3590/4523 (79.4%) OK:857 FAIL:2733
  [cfi] 3595/4523 (79.5%) OK:862 FAIL:2733
  [cfi] 3600/4523 (79.6%) OK:867 FAIL:2733
  [cfi] 3605/4523 (79.7%) OK:872 FAIL:2733
  [cfi] 3610/4523 (79.8%) OK:877 FAIL:2733
  [cfi] 3615/4523 (79.9%) OK:882 FAIL:2733
  [cfi] 3620/4523 (80.0%) OK:887 FAIL:2733
  [cfi] 3625/4523 (80.1%) OK:892 FAIL:2733
  [cfi] 3630/4523 (80.3%) OK:897 FAIL:2733
  [cfi] 3635/4523 (80.4%) OK:902 FAIL:2733
  [cfi] 3640/4523 (80.5%) OK:907 FAIL:2733
  [cfi] 3645/4523 (80.6%) OK:912 FAIL:2733
  [cfi] 3650/4523 (80.7%) OK:917 FAIL:2733
  [cfi] 3655/4523 (80.8%) OK:922 FAIL:2733
  [cfi] 3660/4523 (80.9%) OK:927 FAIL:2733
  [cfi] 3665/4523 (81.0%) OK:932 FAIL:2733
  [cfi] 3670/4523 (81.1%) OK:937 FAIL:2733
  [cfi] 3675/4523 (81.3%) OK:942 FAIL:2733
  [cfi] 3680/4523 (81.4%) OK:947 FAIL:2733
  [cfi] 3685/4523 (81.5%) OK:952 FAIL:2733
  [cfi] 3690/4523 (81.6%) OK:957 FAIL:2733
  [cfi] 3695/4523 (81.7%) OK:962 FAIL:2733
  [cfi] 3700/4523 (81.8%) OK:967 FAIL:2733
  [cfi] 3705/4523 (81.9%) OK:972 FAIL:2733
  [cfi] 3710/4523 (82.0%) OK:977 FAIL:2733
  [cfi] 3715/4523 (82.1%) OK:982 FAIL:2733
  [cfi] 3720/4523 (82.2%) OK:987 FAIL:2733
  [cfi] 3725/4523 (82.4%) OK:992 FAIL:2733
  [cfi] 3730/4523 (82.5%) OK:997 FAIL:2733
  [cfi] 3735/4523 (82.6%) OK:1002 FAIL:2733
  [cfi] 3740/4523 (82.7%) OK:1007 FAIL:2733
  [cfi] 3745/4523 (82.8%) OK:1012 FAIL:2733
  [cfi] 3750/4523 (82.9%) OK:1017 FAIL:2733
  [cfi] 3755/4523 (83.0%) OK:1022 FAIL:2733
  [cfi] 3760/4523 (83.1%) OK:1027 FAIL:2733
  [cfi] 3765/4523 (83.2%) OK:1032 FAIL:2733
  [cfi] 3770/4523 (83.4%) OK:1037 FAIL:2733
  [cfi] 3775/4523 (83.5%) OK:1042 FAIL:2733
  [cfi] 3780/4523 (83.6%) OK:1047 FAIL:2733
  [cfi] 3785/4523 (83.7%) OK:1052 FAIL:2733
  [cfi] 3790/4523 (83.8%) OK:1057 FAIL:2733
  [cfi] 3795/4523 (83.9%) OK:1062 FAIL:2733
  [cfi] 3800/4523 (84.0%) OK:1067 FAIL:2733
  [cfi] 3805/4523 (84.1%) OK:1072 FAIL:2733
  [cfi] 3810/4523 (84.2%) OK:1077 FAIL:2733
  [cfi] 3815/4523 (84.3%) OK:1082 FAIL:2733
  [cfi] 3820/4523 (84.5%) OK:1087 FAIL:2733
  [cfi] 3825/4523 (84.6%) OK:1092 FAIL:2733
  [cfi] 3830/4523 (84.7%) OK:1097 FAIL:2733
  [cfi] 3835/4523 (84.8%) OK:1102 FAIL:2733
  [cfi] 3840/4523 (84.9%) OK:1107 FAIL:2733
  [cfi] 3845/4523 (85.0%) OK:1112 FAIL:2733
  [cfi] 3850/4523 (85.1%) OK:1117 FAIL:2733
  [cfi] 3855/4523 (85.2%) OK:1122 FAIL:2733
  [cfi] 3860/4523 (85.3%) OK:1127 FAIL:2733
  [cfi] 3865/4523 (85.5%) OK:1132 FAIL:2733
  [cfi] 3870/4523 (85.6%) OK:1137 FAIL:2733
  [cfi] 3875/4523 (85.7%) OK:1142 FAIL:2733
  [cfi] 3880/4523 (85.8%) OK:1147 FAIL:2733
  [cfi] 3885/4523 (85.9%) OK:1152 FAIL:2733
  [cfi] 3890/4523 (86.0%) OK:1157 FAIL:2733
  [cfi] 3895/4523 (86.1%) OK:1162 FAIL:2733
  [cfi] 3900/4523 (86.2%) OK:1167 FAIL:2733
  [cfi] 3905/4523 (86.3%) OK:1172 FAIL:2733
  [cfi] 3910/4523 (86.4%) OK:1177 FAIL:2733
  [cfi] 3915/4523 (86.6%) OK:1182 FAIL:2733
  [cfi] 3920/4523 (86.7%) OK:1187 FAIL:2733
  [cfi] 3925/4523 (86.8%) OK:1192 FAIL:2733
  [cfi] 3930/4523 (86.9%) OK:1197 FAIL:2733
  [cfi] 3935/4523 (87.0%) OK:1202 FAIL:2733
  [cfi] 3940/4523 (87.1%) OK:1207 FAIL:2733
  [cfi] 3945/4523 (87.2%) OK:1212 FAIL:2733
  [cfi] 3950/4523 (87.3%) OK:1217 FAIL:2733
  [cfi] 3955/4523 (87.4%) OK:1222 FAIL:2733
  [cfi] 3960/4523 (87.6%) OK:1227 FAIL:2733
  [cfi] 3965/4523 (87.7%) OK:1232 FAIL:2733
  [cfi] 3970/4523 (87.8%) OK:1237 FAIL:2733
  [cfi] 3975/4523 (87.9%) OK:1242 FAIL:2733
  [cfi] 3980/4523 (88.0%) OK:1247 FAIL:2733
  [cfi] 3985/4523 (88.1%) OK:1252 FAIL:2733
  [cfi] 3990/4523 (88.2%) OK:1257 FAIL:2733
  [cfi] 3995/4523 (88.3%) OK:1262 FAIL:2733
  [cfi] 4000/4523 (88.4%) OK:1267 FAIL:2733
  [cfi] 4005/4523 (88.5%) OK:1272 FAIL:2733
  [cfi] 4010/4523 (88.7%) OK:1277 FAIL:2733
  [cfi] 4015/4523 (88.8%) OK:1282 FAIL:2733
  [cfi] 4020/4523 (88.9%) OK:1287 FAIL:2733
  [cfi] 4025/4523 (89.0%) OK:1292 FAIL:2733
  [cfi] 4030/4523 (89.1%) OK:1297 FAIL:2733
  [cfi] 4035/4523 (89.2%) OK:1302 FAIL:2733
  [cfi] 4040/4523 (89.3%) OK:1307 FAIL:2733
  [cfi] 4045/4523 (89.4%) OK:1312 FAIL:2733
  [cfi] 4050/4523 (89.5%) OK:1317 FAIL:2733
  [cfi] 4055/4523 (89.7%) OK:1322 FAIL:2733
  [cfi] 4060/4523 (89.8%) OK:1327 FAIL:2733
  [cfi] 4065/4523 (89.9%) OK:1332 FAIL:2733
  [cfi] 4070/4523 (90.0%) OK:1337 FAIL:2733
  [cfi] 4075/4523 (90.1%) OK:1342 FAIL:2733
  [cfi] 4080/4523 (90.2%) OK:1347 FAIL:2733
  [cfi] 4085/4523 (90.3%) OK:1352 FAIL:2733
  [cfi] 4090/4523 (90.4%) OK:1357 FAIL:2733
  [cfi] 4095/4523 (90.5%) OK:1362 FAIL:2733
  [cfi] 4100/4523 (90.6%) OK:1367 FAIL:2733
  [cfi] 4105/4523 (90.8%) OK:1372 FAIL:2733
  [cfi] 4110/4523 (90.9%) OK:1377 FAIL:2733
  [cfi] 4115/4523 (91.0%) OK:1382 FAIL:2733
  [cfi] 4120/4523 (91.1%) OK:1387 FAIL:2733
  [cfi] 4125/4523 (91.2%) OK:1392 FAIL:2733
  [cfi] 4130/4523 (91.3%) OK:1397 FAIL:2733
  [cfi] 4135/4523 (91.4%) OK:1402 FAIL:2733
  [cfi] 4140/4523 (91.5%) OK:1407 FAIL:2733
  [cfi] 4145/4523 (91.6%) OK:1412 FAIL:2733
  [cfi] 4150/4523 (91.8%) OK:1417 FAIL:2733
  [cfi] 4155/4523 (91.9%) OK:1422 FAIL:2733
  [cfi] 4160/4523 (92.0%) OK:1427 FAIL:2733
  [cfi] 4165/4523 (92.1%) OK:1432 FAIL:2733
  [cfi] 4170/4523 (92.2%) OK:1437 FAIL:2733
  [cfi] 4175/4523 (92.3%) OK:1442 FAIL:2733
  [cfi] 4180/4523 (92.4%) OK:1447 FAIL:2733
  [cfi] 4185/4523 (92.5%) OK:1452 FAIL:2733
  [cfi] 4190/4523 (92.6%) OK:1457 FAIL:2733
  [cfi] 4195/4523 (92.7%) OK:1462 FAIL:2733
  [cfi] 4200/4523 (92.9%) OK:1467 FAIL:2733
  [cfi] 4205/4523 (93.0%) OK:1472 FAIL:2733
  [cfi] 4210/4523 (93.1%) OK:1477 FAIL:2733
  [cfi] 4215/4523 (93.2%) OK:1482 FAIL:2733
  [cfi] 4220/4523 (93.3%) OK:1487 FAIL:2733
  [cfi] 4225/4523 (93.4%) OK:1492 FAIL:2733
  [cfi] 4230/4523 (93.5%) OK:1497 FAIL:2733
  [cfi] 4235/4523 (93.6%) OK:1502 FAIL:2733
  [cfi] 4240/4523 (93.7%) OK:1507 FAIL:2733
  [cfi] 4245/4523 (93.9%) OK:1512 FAIL:2733
  [cfi] 4250/4523 (94.0%) OK:1517 FAIL:2733
  [cfi] 4255/4523 (94.1%) OK:1522 FAIL:2733
  [cfi] 4260/4523 (94.2%) OK:1527 FAIL:2733
  [cfi] 4265/4523 (94.3%) OK:1532 FAIL:2733
  [cfi] 4270/4523 (94.4%) OK:1537 FAIL:2733
  [cfi] 4275/4523 (94.5%) OK:1542 FAIL:2733
  [cfi] 4280/4523 (94.6%) OK:1547 FAIL:2733
  [cfi] 4285/4523 (94.7%) OK:1552 FAIL:2733
  [cfi] 4290/4523 (94.8%) OK:1557 FAIL:2733
  [cfi] 4295/4523 (95.0%) OK:1562 FAIL:2733
  [cfi] 4300/4523 (95.1%) OK:1567 FAIL:2733
  [cfi] 4305/4523 (95.2%) OK:1572 FAIL:2733
  [cfi] 4310/4523 (95.3%) OK:1577 FAIL:2733
  [cfi] 4315/4523 (95.4%) OK:1582 FAIL:2733
  [cfi] 4320/4523 (95.5%) OK:1587 FAIL:2733
  [cfi] 4325/4523 (95.6%) OK:1592 FAIL:2733
  [cfi] 4330/4523 (95.7%) OK:1597 FAIL:2733
  [cfi] 4335/4523 (95.8%) OK:1602 FAIL:2733
  [cfi] 4340/4523 (96.0%) OK:1607 FAIL:2733
  [cfi] 4345/4523 (96.1%) OK:1612 FAIL:2733
  [cfi] 4350/4523 (96.2%) OK:1617 FAIL:2733
  [cfi] 4355/4523 (96.3%) OK:1622 FAIL:2733
  [cfi] 4360/4523 (96.4%) OK:1627 FAIL:2733
  [cfi] 4365/4523 (96.5%) OK:1632 FAIL:2733
  [cfi] 4370/4523 (96.6%) OK:1637 FAIL:2733
  [cfi] 4375/4523 (96.7%) OK:1642 FAIL:2733
  [cfi] 4380/4523 (96.8%) OK:1647 FAIL:2733
  [cfi] 4385/4523 (96.9%) OK:1652 FAIL:2733
  [cfi] 4390/4523 (97.1%) OK:1657 FAIL:2733
  [cfi] 4395/4523 (97.2%) OK:1662 FAIL:2733
  [cfi] 4400/4523 (97.3%) OK:1667 FAIL:2733
  [cfi] 4405/4523 (97.4%) OK:1672 FAIL:2733
  [cfi] 4410/4523 (97.5%) OK:1677 FAIL:2733
  [cfi] 4415/4523 (97.6%) OK:1682 FAIL:2733
  [cfi] 4420/4523 (97.7%) OK:1687 FAIL:2733
  [cfi] 4425/4523 (97.8%) OK:1692 FAIL:2733
  [cfi] 4430/4523 (97.9%) OK:1697 FAIL:2733
  [cfi] 4435/4523 (98.1%) OK:1702 FAIL:2733
  [cfi] 4440/4523 (98.2%) OK:1707 FAIL:2733
  [cfi] 4445/4523 (98.3%) OK:1712 FAIL:2733
  [cfi] 4450/4523 (98.4%) OK:1717 FAIL:2733
  [cfi] 4455/4523 (98.5%) OK:1722 FAIL:2733
  [cfi] 4460/4523 (98.6%) OK:1727 FAIL:2733
  [cfi] 4465/4523 (98.7%) OK:1732 FAIL:2733
  [cfi] 4470/4523 (98.8%) OK:1737 FAIL:2733
  [cfi] 4475/4523 (98.9%) OK:1742 FAIL:2733
  [cfi] 4480/4523 (99.0%) OK:1747 FAIL:2733
  [cfi] 4485/4523 (99.2%) OK:1752 FAIL:2733
  [cfi] 4490/4523 (99.3%) OK:1757 FAIL:2733
  [cfi] 4495/4523 (99.4%) OK:1762 FAIL:2733
  [cfi] 4500/4523 (99.5%) OK:1767 FAIL:2733
  [cfi] 4505/4523 (99.6%) OK:1772 FAIL:2733
  [cfi] 4510/4523 (99.7%) OK:1777 FAIL:2733
  [cfi] 4515/4523 (99.8%) OK:1782 FAIL:2733
  [cfi] 4520/4523 (99.9%) OK:1787 FAIL:2733
  [cfi] 4523/4523 (100.0%) OK:1790 FAIL:2733

[cfi] DONE: 1790 saved, 2733 failed, 0 skipped out of 4523
