[forvismazars] Discovering URLs from https://financialmodelling.forvismazars.com...
[forvismazars] Map found 1294 URLs
[forvismazars] 1294 URLs to scrape
  [forvismazars] 5/1294 (0.4%) OK:5 FAIL:0
  [forvismazars] 10/1294 (0.8%) OK:10 FAIL:0
  [forvismazars] 15/1294 (1.2%) OK:15 FAIL:0
  [forvismazars] 20/1294 (1.5%) OK:20 FAIL:0
  [forvismazars] 25/1294 (1.9%) OK:25 FAIL:0
  [forvismazars] 30/1294 (2.3%) OK:30 FAIL:0
  [forvismazars] 35/1294 (2.7%) OK:35 FAIL:0
  [forvismazars] 40/1294 (3.1%) OK:40 FAIL:0
  [forvismazars] 45/1294 (3.5%) OK:45 FAIL:0
  [forvismazars] 50/1294 (3.9%) OK:50 FAIL:0
  [forvismazars] 55/1294 (4.3%) OK:55 FAIL:0
  [forvismazars] 60/1294 (4.6%) OK:60 FAIL:0
  [forvismazars] 65/1294 (5.0%) OK:65 FAIL:0
  [forvismazars] 70/1294 (5.4%) OK:70 FAIL:0
  [forvismazars] 75/1294 (5.8%) OK:75 FAIL:0
  [forvismazars] 80/1294 (6.2%) OK:80 FAIL:0
  [forvismazars] 85/1294 (6.6%) OK:85 FAIL:0
  [forvismazars] 90/1294 (7.0%) OK:90 FAIL:0
  [forvismazars] 95/1294 (7.3%) OK:95 FAIL:0
  [forvismazars] 100/1294 (7.7%) OK:100 FAIL:0
  [forvismazars] 105/1294 (8.1%) OK:105 FAIL:0
  [forvismazars] 110/1294 (8.5%) OK:110 FAIL:0
  [forvismazars] 115/1294 (8.9%) OK:115 FAIL:0
  [forvismazars] 120/1294 (9.3%) OK:120 FAIL:0
  [forvismazars] 125/1294 (9.7%) OK:125 FAIL:0
  [forvismazars] 130/1294 (10.0%) OK:130 FAIL:0
  [forvismazars] 135/1294 (10.4%) OK:135 FAIL:0
  [forvismazars] 140/1294 (10.8%) OK:140 FAIL:0
  [forvismazars] 145/1294 (11.2%) OK:145 FAIL:0
  [forvismazars] 150/1294 (11.6%) OK:150 FAIL:0
  [forvismazars] 155/1294 (12.0%) OK:155 FAIL:0
  [forvismazars] 160/1294 (12.4%) OK:160 FAIL:0
  [forvismazars] 165/1294 (12.8%) OK:165 FAIL:0
  [forvismazars] 170/1294 (13.1%) OK:170 FAIL:0
  [forvismazars] 175/1294 (13.5%) OK:175 FAIL:0
  [forvismazars] 180/1294 (13.9%) OK:180 FAIL:0
  [forvismazars] 185/1294 (14.3%) OK:185 FAIL:0
  [forvismazars] 190/1294 (14.7%) OK:190 FAIL:0
  [forvismazars] 195/1294 (15.1%) OK:195 FAIL:0
  [forvismazars] 200/1294 (15.5%) OK:200 FAIL:0
  [forvismazars] 205/1294 (15.8%) OK:205 FAIL:0
  [forvismazars] 210/1294 (16.2%) OK:210 FAIL:0
  [forvismazars] 215/1294 (16.6%) OK:215 FAIL:0
  [forvismazars] 220/1294 (17.0%) OK:220 FAIL:0
  [forvismazars] 225/1294 (17.4%) OK:225 FAIL:0
  [forvismazars] 230/1294 (17.8%) OK:230 FAIL:0
  [forvismazars] 235/1294 (18.2%) OK:235 FAIL:0
  [forvismazars] 240/1294 (18.5%) OK:240 FAIL:0
  [forvismazars] 245/1294 (18.9%) OK:245 FAIL:0
  [forvismazars] 250/1294 (19.3%) OK:250 FAIL:0
  [forvismazars] 255/1294 (19.7%) OK:255 FAIL:0
  [forvismazars] 260/1294 (20.1%) OK:260 FAIL:0
  [forvismazars] 265/1294 (20.5%) OK:265 FAIL:0
  [forvismazars] 270/1294 (20.9%) OK:270 FAIL:0
  [forvismazars] 275/1294 (21.3%) OK:275 FAIL:0
  [forvismazars] 280/1294 (21.6%) OK:280 FAIL:0
  [forvismazars] 285/1294 (22.0%) OK:285 FAIL:0
  [forvismazars] 290/1294 (22.4%) OK:290 FAIL:0
  [forvismazars] 295/1294 (22.8%) OK:295 FAIL:0
  [forvismazars] 300/1294 (23.2%) OK:300 FAIL:0
  [forvismazars] 305/1294 (23.6%) OK:305 FAIL:0
  [forvismazars] 310/1294 (24.0%) OK:310 FAIL:0
  [forvismazars] 315/1294 (24.3%) OK:315 FAIL:0
  [forvismazars] 320/1294 (24.7%) OK:320 FAIL:0
  [forvismazars] 325/1294 (25.1%) OK:325 FAIL:0
  [forvismazars] 330/1294 (25.5%) OK:330 FAIL:0
  [forvismazars] 335/1294 (25.9%) OK:335 FAIL:0
  [forvismazars] 340/1294 (26.3%) OK:340 FAIL:0
  [forvismazars] 345/1294 (26.7%) OK:345 FAIL:0
  [forvismazars] 350/1294 (27.0%) OK:350 FAIL:0
  [forvismazars] 355/1294 (27.4%) OK:355 FAIL:0
  [forvismazars] 360/1294 (27.8%) OK:360 FAIL:0
  [forvismazars] 365/1294 (28.2%) OK:365 FAIL:0
  [forvismazars] 370/1294 (28.6%) OK:370 FAIL:0
  [forvismazars] 375/1294 (29.0%) OK:375 FAIL:0
  [forvismazars] 380/1294 (29.4%) OK:380 FAIL:0
  [forvismazars] 385/1294 (29.8%) OK:380 FAIL:5
  [forvismazars] 390/1294 (30.1%) OK:380 FAIL:10
  [forvismazars] 395/1294 (30.5%) OK:380 FAIL:15
  [forvismazars] 400/1294 (30.9%) OK:380 FAIL:20
  [forvismazars] 405/1294 (31.3%) OK:380 FAIL:25
  [forvismazars] 410/1294 (31.7%) OK:380 FAIL:30
  [forvismazars] 415/1294 (32.1%) OK:380 FAIL:35
  [forvismazars] 420/1294 (32.5%) OK:380 FAIL:40
  [forvismazars] 425/1294 (32.8%) OK:380 FAIL:45
  [forvismazars] 430/1294 (33.2%) OK:380 FAIL:50
  [forvismazars] 435/1294 (33.6%) OK:380 FAIL:55
  [forvismazars] 440/1294 (34.0%) OK:380 FAIL:60
  [forvismazars] 445/1294 (34.4%) OK:380 FAIL:65
  [forvismazars] 450/1294 (34.8%) OK:380 FAIL:70
  [forvismazars] 455/1294 (35.2%) OK:380 FAIL:75
  [forvismazars] 460/1294 (35.5%) OK:380 FAIL:80
  [forvismazars] 465/1294 (35.9%) OK:380 FAIL:85
  [forvismazars] 470/1294 (36.3%) OK:380 FAIL:90
  [forvismazars] 475/1294 (36.7%) OK:380 FAIL:95
  [forvismazars] 480/1294 (37.1%) OK:380 FAIL:100
  [forvismazars] 485/1294 (37.5%) OK:380 FAIL:105
  [forvismazars] 490/1294 (37.9%) OK:380 FAIL:110
  [forvismazars] 495/1294 (38.3%) OK:380 FAIL:115
  [forvismazars] 500/1294 (38.6%) OK:380 FAIL:120
  [forvismazars] 505/1294 (39.0%) OK:380 FAIL:125
  [forvismazars] 510/1294 (39.4%) OK:380 FAIL:130
  [forvismazars] 515/1294 (39.8%) OK:380 FAIL:135
  [forvismazars] 520/1294 (40.2%) OK:380 FAIL:140
  [forvismazars] 525/1294 (40.6%) OK:380 FAIL:145
  [forvismazars] 530/1294 (41.0%) OK:380 FAIL:150
  [forvismazars] 535/1294 (41.3%) OK:380 FAIL:155
  [forvismazars] 540/1294 (41.7%) OK:380 FAIL:160
  [forvismazars] 545/1294 (42.1%) OK:380 FAIL:165
  [forvismazars] 550/1294 (42.5%) OK:380 FAIL:170
  [forvismazars] 555/1294 (42.9%) OK:380 FAIL:175
  [forvismazars] 560/1294 (43.3%) OK:380 FAIL:180
  [forvismazars] 565/1294 (43.7%) OK:380 FAIL:185
  [forvismazars] 570/1294 (44.0%) OK:380 FAIL:190
  [forvismazars] 575/1294 (44.4%) OK:380 FAIL:195
  [forvismazars] 580/1294 (44.8%) OK:380 FAIL:200
  [forvismazars] 585/1294 (45.2%) OK:380 FAIL:205
  [forvismazars] 590/1294 (45.6%) OK:380 FAIL:210
  [forvismazars] 595/1294 (46.0%) OK:380 FAIL:215
  [forvismazars] 600/1294 (46.4%) OK:380 FAIL:220
  [forvismazars] 605/1294 (46.8%) OK:380 FAIL:225
  [forvismazars] 610/1294 (47.1%) OK:380 FAIL:230
  [forvismazars] 615/1294 (47.5%) OK:380 FAIL:235
  [forvismazars] 620/1294 (47.9%) OK:380 FAIL:240
  [forvismazars] 625/1294 (48.3%) OK:380 FAIL:245
  [forvismazars] 630/1294 (48.7%) OK:380 FAIL:250
  [forvismazars] 635/1294 (49.1%) OK:380 FAIL:255
  [forvismazars] 640/1294 (49.5%) OK:380 FAIL:260
  [forvismazars] 645/1294 (49.8%) OK:380 FAIL:265
  [forvismazars] 650/1294 (50.2%) OK:380 FAIL:270
  [forvismazars] 655/1294 (50.6%) OK:380 FAIL:275
  [forvismazars] 660/1294 (51.0%) OK:380 FAIL:280
  [forvismazars] 665/1294 (51.4%) OK:380 FAIL:285
  [forvismazars] 670/1294 (51.8%) OK:380 FAIL:290
  [forvismazars] 675/1294 (52.2%) OK:380 FAIL:295
  [forvismazars] 680/1294 (52.6%) OK:380 FAIL:300
  [forvismazars] 685/1294 (52.9%) OK:380 FAIL:305
  [forvismazars] 690/1294 (53.3%) OK:380 FAIL:310
  [forvismazars] 695/1294 (53.7%) OK:380 FAIL:315
  [forvismazars] 700/1294 (54.1%) OK:380 FAIL:320
  [forvismazars] 705/1294 (54.5%) OK:380 FAIL:325
  [forvismazars] 710/1294 (54.9%) OK:380 FAIL:330
  [forvismazars] 715/1294 (55.3%) OK:380 FAIL:335
  [forvismazars] 720/1294 (55.6%) OK:380 FAIL:340
  [forvismazars] 725/1294 (56.0%) OK:380 FAIL:345
  [forvismazars] 730/1294 (56.4%) OK:380 FAIL:350
  [forvismazars] 735/1294 (56.8%) OK:380 FAIL:355
  [forvismazars] 740/1294 (57.2%) OK:380 FAIL:360
  [forvismazars] 745/1294 (57.6%) OK:380 FAIL:365
  [forvismazars] 750/1294 (58.0%) OK:380 FAIL:370
  [forvismazars] 755/1294 (58.3%) OK:380 FAIL:375
  [forvismazars] 760/1294 (58.7%) OK:380 FAIL:380
  [forvismazars] 765/1294 (59.1%) OK:380 FAIL:385
  [forvismazars] 770/1294 (59.5%) OK:380 FAIL:390
  [forvismazars] 775/1294 (59.9%) OK:380 FAIL:395
  [forvismazars] 780/1294 (60.3%) OK:380 FAIL:400
  [forvismazars] 785/1294 (60.7%) OK:380 FAIL:405
  [forvismazars] 790/1294 (61.1%) OK:380 FAIL:410
  [forvismazars] 795/1294 (61.4%) OK:380 FAIL:415
  [forvismazars] 800/1294 (61.8%) OK:380 FAIL:420
  [forvismazars] 805/1294 (62.2%) OK:380 FAIL:425
  [forvismazars] 810/1294 (62.6%) OK:380 FAIL:430
  [forvismazars] 815/1294 (63.0%) OK:380 FAIL:435
  [forvismazars] 820/1294 (63.4%) OK:380 FAIL:440
  [forvismazars] 825/1294 (63.8%) OK:380 FAIL:445
  [forvismazars] 830/1294 (64.1%) OK:380 FAIL:450
  [forvismazars] 835/1294 (64.5%) OK:380 FAIL:455
  [forvismazars] 840/1294 (64.9%) OK:380 FAIL:460
  [forvismazars] 845/1294 (65.3%) OK:380 FAIL:465
  [forvismazars] 850/1294 (65.7%) OK:380 FAIL:470
  [forvismazars] 855/1294 (66.1%) OK:380 FAIL:475
  [forvismazars] 860/1294 (66.5%) OK:380 FAIL:480
  [forvismazars] 865/1294 (66.8%) OK:380 FAIL:485
  [forvismazars] 870/1294 (67.2%) OK:380 FAIL:490
  [forvismazars] 875/1294 (67.6%) OK:380 FAIL:495
  [forvismazars] 880/1294 (68.0%) OK:380 FAIL:500
  [forvismazars] 885/1294 (68.4%) OK:380 FAIL:505
  [forvismazars] 890/1294 (68.8%) OK:380 FAIL:510
  [forvismazars] 895/1294 (69.2%) OK:380 FAIL:515
  [forvismazars] 900/1294 (69.6%) OK:380 FAIL:520
  [forvismazars] 905/1294 (69.9%) OK:380 FAIL:525
  [forvismazars] 910/1294 (70.3%) OK:380 FAIL:530
  [forvismazars] 915/1294 (70.7%) OK:380 FAIL:535
  [forvismazars] 920/1294 (71.1%) OK:380 FAIL:540
  [forvismazars] 925/1294 (71.5%) OK:380 FAIL:545
  [forvismazars] 930/1294 (71.9%) OK:380 FAIL:550
  [forvismazars] 935/1294 (72.3%) OK:380 FAIL:555
  [forvismazars] 940/1294 (72.6%) OK:380 FAIL:560
  [forvismazars] 945/1294 (73.0%) OK:380 FAIL:565
  [forvismazars] 950/1294 (73.4%) OK:380 FAIL:570
  [forvismazars] 955/1294 (73.8%) OK:380 FAIL:575
  [forvismazars] 960/1294 (74.2%) OK:380 FAIL:580
  [forvismazars] 965/1294 (74.6%) OK:380 FAIL:585
  [forvismazars] 970/1294 (75.0%) OK:380 FAIL:590
  [forvismazars] 975/1294 (75.3%) OK:380 FAIL:595
  [forvismazars] 980/1294 (75.7%) OK:380 FAIL:600
  [forvismazars] 985/1294 (76.1%) OK:380 FAIL:605
  [forvismazars] 990/1294 (76.5%) OK:380 FAIL:610
  [forvismazars] 995/1294 (76.9%) OK:380 FAIL:615
  [forvismazars] 1000/1294 (77.3%) OK:380 FAIL:620
  [forvismazars] 1005/1294 (77.7%) OK:380 FAIL:625
  [forvismazars] 1010/1294 (78.1%) OK:380 FAIL:630
  [forvismazars] 1015/1294 (78.4%) OK:380 FAIL:635
  [forvismazars] 1020/1294 (78.8%) OK:380 FAIL:640
  [forvismazars] 1025/1294 (79.2%) OK:380 FAIL:645
  [forvismazars] 1030/1294 (79.6%) OK:380 FAIL:650
  [forvismazars] 1035/1294 (80.0%) OK:380 FAIL:655
  [forvismazars] 1040/1294 (80.4%) OK:380 FAIL:660
  [forvismazars] 1045/1294 (80.8%) OK:380 FAIL:665
  [forvismazars] 1050/1294 (81.1%) OK:380 FAIL:670
  [forvismazars] 1055/1294 (81.5%) OK:380 FAIL:675
  [forvismazars] 1060/1294 (81.9%) OK:380 FAIL:680
  [forvismazars] 1065/1294 (82.3%) OK:380 FAIL:685
  [forvismazars] 1070/1294 (82.7%) OK:380 FAIL:690
  [forvismazars] 1075/1294 (83.1%) OK:380 FAIL:695
  [forvismazars] 1080/1294 (83.5%) OK:380 FAIL:700
  [forvismazars] 1085/1294 (83.8%) OK:380 FAIL:705
  [forvismazars] 1090/1294 (84.2%) OK:380 FAIL:710
  [forvismazars] 1095/1294 (84.6%) OK:380 FAIL:715
  [forvismazars] 1100/1294 (85.0%) OK:380 FAIL:720
  [forvismazars] 1105/1294 (85.4%) OK:380 FAIL:725
  [forvismazars] 1110/1294 (85.8%) OK:380 FAIL:730
  [forvismazars] 1115/1294 (86.2%) OK:380 FAIL:735
  [forvismazars] 1120/1294 (86.6%) OK:380 FAIL:740
  [forvismazars] 1125/1294 (86.9%) OK:380 FAIL:745
  [forvismazars] 1130/1294 (87.3%) OK:380 FAIL:750
  [forvismazars] 1135/1294 (87.7%) OK:380 FAIL:755
  [forvismazars] 1140/1294 (88.1%) OK:380 FAIL:760
  [forvismazars] 1145/1294 (88.5%) OK:380 FAIL:765
  [forvismazars] 1150/1294 (88.9%) OK:380 FAIL:770
  [forvismazars] 1155/1294 (89.3%) OK:380 FAIL:775
  [forvismazars] 1160/1294 (89.6%) OK:380 FAIL:780
  [forvismazars] 1165/1294 (90.0%) OK:380 FAIL:785
  [forvismazars] 1170/1294 (90.4%) OK:380 FAIL:790
  [forvismazars] 1175/1294 (90.8%) OK:380 FAIL:795
  [forvismazars] 1180/1294 (91.2%) OK:380 FAIL:800
  [forvismazars] 1185/1294 (91.6%) OK:380 FAIL:805
  [forvismazars] 1190/1294 (92.0%) OK:380 FAIL:810
  [forvismazars] 1195/1294 (92.3%) OK:380 FAIL:815
  [forvismazars] 1200/1294 (92.7%) OK:380 FAIL:820
  [forvismazars] 1205/1294 (93.1%) OK:380 FAIL:825
  [forvismazars] 1210/1294 (93.5%) OK:380 FAIL:830
  [forvismazars] 1215/1294 (93.9%) OK:380 FAIL:835
  [forvismazars] 1220/1294 (94.3%) OK:380 FAIL:840
  [forvismazars] 1225/1294 (94.7%) OK:380 FAIL:845
  [forvismazars] 1230/1294 (95.1%) OK:380 FAIL:850
  [forvismazars] 1235/1294 (95.4%) OK:380 FAIL:855
  [forvismazars] 1240/1294 (95.8%) OK:380 FAIL:860
  [forvismazars] 1245/1294 (96.2%) OK:380 FAIL:865
  [forvismazars] 1250/1294 (96.6%) OK:380 FAIL:870
  [forvismazars] 1255/1294 (97.0%) OK:380 FAIL:875
  [forvismazars] 1260/1294 (97.4%) OK:380 FAIL:880
  [forvismazars] 1265/1294 (97.8%) OK:380 FAIL:885
  [forvismazars] 1270/1294 (98.1%) OK:380 FAIL:890
  [forvismazars] 1275/1294 (98.5%) OK:380 FAIL:895
  [forvismazars] 1280/1294 (98.9%) OK:380 FAIL:900
  [forvismazars] 1285/1294 (99.3%) OK:380 FAIL:905
  [forvismazars] 1290/1294 (99.7%) OK:380 FAIL:910
  [forvismazars] 1294/1294 (100.0%) OK:380 FAIL:914

[forvismazars] DONE: 380 saved, 914 failed, 0 skipped out of 1294
