[wallstreetprep] Discovering URLs from https://www.wallstreetprep.com...
[wallstreetprep] Map found 1238 URLs
[wallstreetprep] 1138 URLs to scrape
  [wallstreetprep] 5/1138 (0.4%) OK:5 FAIL:0
  [wallstreetprep] 10/1138 (0.9%) OK:10 FAIL:0
  [wallstreetprep] 15/1138 (1.3%) OK:15 FAIL:0
  [wallstreetprep] 20/1138 (1.8%) OK:20 FAIL:0
  [wallstreetprep] 25/1138 (2.2%) OK:25 FAIL:0
  [wallstreetprep] 30/1138 (2.6%) OK:30 FAIL:0
  [wallstreetprep] 35/1138 (3.1%) OK:35 FAIL:0
  [wallstreetprep] 40/1138 (3.5%) OK:40 FAIL:0
  [wallstreetprep] 45/1138 (4.0%) OK:45 FAIL:0
  [wallstreetprep] 50/1138 (4.4%) OK:50 FAIL:0
  [wallstreetprep] 55/1138 (4.8%) OK:55 FAIL:0
  [wallstreetprep] 60/1138 (5.3%) OK:60 FAIL:0
  [wallstreetprep] 65/1138 (5.7%) OK:65 FAIL:0
  [wallstreetprep] 70/1138 (6.2%) OK:70 FAIL:0
  [wallstreetprep] 75/1138 (6.6%) OK:75 FAIL:0
  [wallstreetprep] 80/1138 (7.0%) OK:80 FAIL:0
  [wallstreetprep] 85/1138 (7.5%) OK:85 FAIL:0
  [wallstreetprep] 90/1138 (7.9%) OK:87 FAIL:3
  [wallstreetprep] 95/1138 (8.3%) OK:92 FAIL:3
  [wallstreetprep] 100/1138 (8.8%) OK:97 FAIL:3
  [wallstreetprep] 105/1138 (9.2%) OK:102 FAIL:3
  [wallstreetprep] 110/1138 (9.7%) OK:107 FAIL:3
  [wallstreetprep] 115/1138 (10.1%) OK:112 FAIL:3
  [wallstreetprep] 120/1138 (10.5%) OK:117 FAIL:3
  [wallstreetprep] 125/1138 (11.0%) OK:122 FAIL:3
  [wallstreetprep] 130/1138 (11.4%) OK:127 FAIL:3
  [wallstreetprep] 135/1138 (11.9%) OK:132 FAIL:3
  [wallstreetprep] 140/1138 (12.3%) OK:137 FAIL:3
  [wallstreetprep] 145/1138 (12.7%) OK:142 FAIL:3
  [wallstreetprep] 150/1138 (13.2%) OK:147 FAIL:3
  [wallstreetprep] 155/1138 (13.6%) OK:152 FAIL:3
  [wallstreetprep] 160/1138 (14.1%) OK:157 FAIL:3
  [wallstreetprep] 165/1138 (14.5%) OK:162 FAIL:3
  [wallstreetprep] 170/1138 (14.9%) OK:167 FAIL:3
  [wallstreetprep] 175/1138 (15.4%) OK:172 FAIL:3
  [wallstreetprep] 180/1138 (15.8%) OK:177 FAIL:3
  [wallstreetprep] 185/1138 (16.3%) OK:182 FAIL:3
  [wallstreetprep] 190/1138 (16.7%) OK:187 FAIL:3
  [wallstreetprep] 195/1138 (17.1%) OK:192 FAIL:3
  [wallstreetprep] 200/1138 (17.6%) OK:197 FAIL:3
  [wallstreetprep] 205/1138 (18.0%) OK:202 FAIL:3
  [wallstreetprep] 210/1138 (18.5%) OK:207 FAIL:3
  [wallstreetprep] 215/1138 (18.9%) OK:212 FAIL:3
  [wallstreetprep] 220/1138 (19.3%) OK:217 FAIL:3
  [wallstreetprep] 225/1138 (19.8%) OK:222 FAIL:3
  [wallstreetprep] 230/1138 (20.2%) OK:227 FAIL:3
  [wallstreetprep] 235/1138 (20.7%) OK:232 FAIL:3
  [wallstreetprep] 240/1138 (21.1%) OK:237 FAIL:3
  [wallstreetprep] 245/1138 (21.5%) OK:242 FAIL:3
  [wallstreetprep] 250/1138 (22.0%) OK:247 FAIL:3
  [wallstreetprep] 255/1138 (22.4%) OK:252 FAIL:3
  [wallstreetprep] 260/1138 (22.8%) OK:257 FAIL:3
  [wallstreetprep] 265/1138 (23.3%) OK:262 FAIL:3
  [wallstreetprep] 270/1138 (23.7%) OK:267 FAIL:3
  [wallstreetprep] 275/1138 (24.2%) OK:272 FAIL:3
  [wallstreetprep] 280/1138 (24.6%) OK:277 FAIL:3
  [wallstreetprep] 285/1138 (25.0%) OK:282 FAIL:3
  [wallstreetprep] 290/1138 (25.5%) OK:287 FAIL:3
  [wallstreetprep] 295/1138 (25.9%) OK:292 FAIL:3
  [wallstreetprep] 300/1138 (26.4%) OK:297 FAIL:3
  [wallstreetprep] 305/1138 (26.8%) OK:302 FAIL:3
  [wallstreetprep] 310/1138 (27.2%) OK:307 FAIL:3
  [wallstreetprep] 315/1138 (27.7%) OK:312 FAIL:3
  [wallstreetprep] 320/1138 (28.1%) OK:317 FAIL:3
  [wallstreetprep] 325/1138 (28.6%) OK:322 FAIL:3
  [wallstreetprep] 330/1138 (29.0%) OK:327 FAIL:3
  [wallstreetprep] 335/1138 (29.4%) OK:332 FAIL:3
  [wallstreetprep] 340/1138 (29.9%) OK:337 FAIL:3
  [wallstreetprep] 345/1138 (30.3%) OK:342 FAIL:3
  [wallstreetprep] 350/1138 (30.8%) OK:347 FAIL:3
  [wallstreetprep] 355/1138 (31.2%) OK:352 FAIL:3
  [wallstreetprep] 360/1138 (31.6%) OK:357 FAIL:3
  [wallstreetprep] 365/1138 (32.1%) OK:362 FAIL:3
  [wallstreetprep] 370/1138 (32.5%) OK:367 FAIL:3
  [wallstreetprep] 375/1138 (33.0%) OK:372 FAIL:3
  [wallstreetprep] 380/1138 (33.4%) OK:377 FAIL:3
  [wallstreetprep] 385/1138 (33.8%) OK:382 FAIL:3
  [wallstreetprep] 390/1138 (34.3%) OK:387 FAIL:3
  [wallstreetprep] 395/1138 (34.7%) OK:392 FAIL:3
  [wallstreetprep] 400/1138 (35.1%) OK:397 FAIL:3
  [wallstreetprep] 405/1138 (35.6%) OK:400 FAIL:5
  [wallstreetprep] 410/1138 (36.0%) OK:400 FAIL:10
  [wallstreetprep] 415/1138 (36.5%) OK:400 FAIL:15
  [wallstreetprep] 420/1138 (36.9%) OK:400 FAIL:20
  [wallstreetprep] 425/1138 (37.3%) OK:400 FAIL:25
  [wallstreetprep] 430/1138 (37.8%) OK:400 FAIL:30
  [wallstreetprep] 435/1138 (38.2%) OK:400 FAIL:35
  [wallstreetprep] 440/1138 (38.7%) OK:400 FAIL:40
  [wallstreetprep] 445/1138 (39.1%) OK:400 FAIL:45
  [wallstreetprep] 450/1138 (39.5%) OK:400 FAIL:50
  [wallstreetprep] 455/1138 (40.0%) OK:400 FAIL:55
  [wallstreetprep] 460/1138 (40.4%) OK:400 FAIL:60
  [wallstreetprep] 465/1138 (40.9%) OK:400 FAIL:65
  [wallstreetprep] 470/1138 (41.3%) OK:400 FAIL:70
  [wallstreetprep] 475/1138 (41.7%) OK:400 FAIL:75
  [wallstreetprep] 480/1138 (42.2%) OK:400 FAIL:80
  [wallstreetprep] 485/1138 (42.6%) OK:400 FAIL:85
  [wallstreetprep] 490/1138 (43.1%) OK:400 FAIL:90
  [wallstreetprep] 495/1138 (43.5%) OK:400 FAIL:95
  [wallstreetprep] 500/1138 (43.9%) OK:400 FAIL:100
  [wallstreetprep] 505/1138 (44.4%) OK:400 FAIL:105
  [wallstreetprep] 510/1138 (44.8%) OK:400 FAIL:110
  [wallstreetprep] 515/1138 (45.3%) OK:400 FAIL:115
  [wallstreetprep] 520/1138 (45.7%) OK:400 FAIL:120
  [wallstreetprep] 525/1138 (46.1%) OK:400 FAIL:125
  [wallstreetprep] 530/1138 (46.6%) OK:400 FAIL:130
  [wallstreetprep] 535/1138 (47.0%) OK:400 FAIL:135
  [wallstreetprep] 540/1138 (47.5%) OK:400 FAIL:140
  [wallstreetprep] 545/1138 (47.9%) OK:400 FAIL:145
  [wallstreetprep] 550/1138 (48.3%) OK:400 FAIL:150
  [wallstreetprep] 555/1138 (48.8%) OK:400 FAIL:155
  [wallstreetprep] 560/1138 (49.2%) OK:400 FAIL:160
  [wallstreetprep] 565/1138 (49.6%) OK:400 FAIL:165
  [wallstreetprep] 570/1138 (50.1%) OK:400 FAIL:170
  [wallstreetprep] 575/1138 (50.5%) OK:400 FAIL:175
  [wallstreetprep] 580/1138 (51.0%) OK:400 FAIL:180
  [wallstreetprep] 585/1138 (51.4%) OK:400 FAIL:185
  [wallstreetprep] 590/1138 (51.8%) OK:400 FAIL:190
  [wallstreetprep] 595/1138 (52.3%) OK:400 FAIL:195
  [wallstreetprep] 600/1138 (52.7%) OK:400 FAIL:200
  [wallstreetprep] 605/1138 (53.2%) OK:400 FAIL:205
  [wallstreetprep] 610/1138 (53.6%) OK:400 FAIL:210
  [wallstreetprep] 615/1138 (54.0%) OK:400 FAIL:215
  [wallstreetprep] 620/1138 (54.5%) OK:400 FAIL:220
  [wallstreetprep] 625/1138 (54.9%) OK:400 FAIL:225
  [wallstreetprep] 630/1138 (55.4%) OK:400 FAIL:230
  [wallstreetprep] 635/1138 (55.8%) OK:400 FAIL:235
  [wallstreetprep] 640/1138 (56.2%) OK:400 FAIL:240
  [wallstreetprep] 645/1138 (56.7%) OK:400 FAIL:245
  [wallstreetprep] 650/1138 (57.1%) OK:400 FAIL:250
  [wallstreetprep] 655/1138 (57.6%) OK:400 FAIL:255
  [wallstreetprep] 660/1138 (58.0%) OK:400 FAIL:260
  [wallstreetprep] 665/1138 (58.4%) OK:400 FAIL:265
  [wallstreetprep] 670/1138 (58.9%) OK:400 FAIL:270
  [wallstreetprep] 675/1138 (59.3%) OK:400 FAIL:275
  [wallstreetprep] 680/1138 (59.8%) OK:400 FAIL:280
  [wallstreetprep] 685/1138 (60.2%) OK:400 FAIL:285
  [wallstreetprep] 690/1138 (60.6%) OK:400 FAIL:290
  [wallstreetprep] 695/1138 (61.1%) OK:400 FAIL:295
  [wallstreetprep] 700/1138 (61.5%) OK:400 FAIL:300
  [wallstreetprep] 705/1138 (62.0%) OK:400 FAIL:305
  [wallstreetprep] 710/1138 (62.4%) OK:400 FAIL:310
  [wallstreetprep] 715/1138 (62.8%) OK:400 FAIL:315
  [wallstreetprep] 720/1138 (63.3%) OK:400 FAIL:320
  [wallstreetprep] 725/1138 (63.7%) OK:400 FAIL:325
  [wallstreetprep] 730/1138 (64.1%) OK:400 FAIL:330
  [wallstreetprep] 735/1138 (64.6%) OK:400 FAIL:335
  [wallstreetprep] 740/1138 (65.0%) OK:400 FAIL:340
  [wallstreetprep] 745/1138 (65.5%) OK:400 FAIL:345
  [wallstreetprep] 750/1138 (65.9%) OK:400 FAIL:350
  [wallstreetprep] 755/1138 (66.3%) OK:400 FAIL:355
  [wallstreetprep] 760/1138 (66.8%) OK:400 FAIL:360
  [wallstreetprep] 765/1138 (67.2%) OK:400 FAIL:365
  [wallstreetprep] 770/1138 (67.7%) OK:400 FAIL:370
  [wallstreetprep] 775/1138 (68.1%) OK:400 FAIL:375
  [wallstreetprep] 780/1138 (68.5%) OK:400 FAIL:380
  [wallstreetprep] 785/1138 (69.0%) OK:400 FAIL:385
  [wallstreetprep] 790/1138 (69.4%) OK:400 FAIL:390
  [wallstreetprep] 795/1138 (69.9%) OK:400 FAIL:395
  [wallstreetprep] 800/1138 (70.3%) OK:400 FAIL:400
  [wallstreetprep] 805/1138 (70.7%) OK:400 FAIL:405
  [wallstreetprep] 810/1138 (71.2%) OK:400 FAIL:410
  [wallstreetprep] 815/1138 (71.6%) OK:400 FAIL:415
  [wallstreetprep] 820/1138 (72.1%) OK:400 FAIL:420
  [wallstreetprep] 825/1138 (72.5%) OK:400 FAIL:425
  [wallstreetprep] 830/1138 (72.9%) OK:400 FAIL:430
  [wallstreetprep] 835/1138 (73.4%) OK:400 FAIL:435
  [wallstreetprep] 840/1138 (73.8%) OK:400 FAIL:440
  [wallstreetprep] 845/1138 (74.3%) OK:400 FAIL:445
  [wallstreetprep] 850/1138 (74.7%) OK:400 FAIL:450
  [wallstreetprep] 855/1138 (75.1%) OK:400 FAIL:455
  [wallstreetprep] 860/1138 (75.6%) OK:400 FAIL:460
  [wallstreetprep] 865/1138 (76.0%) OK:400 FAIL:465
  [wallstreetprep] 870/1138 (76.4%) OK:400 FAIL:470
  [wallstreetprep] 875/1138 (76.9%) OK:400 FAIL:475
  [wallstreetprep] 880/1138 (77.3%) OK:400 FAIL:480
  [wallstreetprep] 885/1138 (77.8%) OK:400 FAIL:485
  [wallstreetprep] 890/1138 (78.2%) OK:400 FAIL:490
  [wallstreetprep] 895/1138 (78.6%) OK:400 FAIL:495
  [wallstreetprep] 900/1138 (79.1%) OK:400 FAIL:500
  [wallstreetprep] 905/1138 (79.5%) OK:400 FAIL:505
  [wallstreetprep] 910/1138 (80.0%) OK:400 FAIL:510
  [wallstreetprep] 915/1138 (80.4%) OK:400 FAIL:515
  [wallstreetprep] 920/1138 (80.8%) OK:400 FAIL:520
  [wallstreetprep] 925/1138 (81.3%) OK:400 FAIL:525
  [wallstreetprep] 930/1138 (81.7%) OK:400 FAIL:530
  [wallstreetprep] 935/1138 (82.2%) OK:400 FAIL:535
  [wallstreetprep] 940/1138 (82.6%) OK:400 FAIL:540
  [wallstreetprep] 945/1138 (83.0%) OK:400 FAIL:545
  [wallstreetprep] 950/1138 (83.5%) OK:400 FAIL:550
  [wallstreetprep] 955/1138 (83.9%) OK:400 FAIL:555
  [wallstreetprep] 960/1138 (84.4%) OK:400 FAIL:560
  [wallstreetprep] 965/1138 (84.8%) OK:400 FAIL:565
  [wallstreetprep] 970/1138 (85.2%) OK:400 FAIL:570
  [wallstreetprep] 975/1138 (85.7%) OK:400 FAIL:575
  [wallstreetprep] 980/1138 (86.1%) OK:400 FAIL:580
  [wallstreetprep] 985/1138 (86.6%) OK:400 FAIL:585
  [wallstreetprep] 990/1138 (87.0%) OK:400 FAIL:590
  [wallstreetprep] 995/1138 (87.4%) OK:400 FAIL:595
  [wallstreetprep] 1000/1138 (87.9%) OK:400 FAIL:600
  [wallstreetprep] 1005/1138 (88.3%) OK:400 FAIL:605
  [wallstreetprep] 1010/1138 (88.8%) OK:400 FAIL:610
  [wallstreetprep] 1015/1138 (89.2%) OK:400 FAIL:615
  [wallstreetprep] 1020/1138 (89.6%) OK:400 FAIL:620
  [wallstreetprep] 1025/1138 (90.1%) OK:400 FAIL:625
  [wallstreetprep] 1030/1138 (90.5%) OK:400 FAIL:630
  [wallstreetprep] 1035/1138 (90.9%) OK:400 FAIL:635
  [wallstreetprep] 1040/1138 (91.4%) OK:400 FAIL:640
  [wallstreetprep] 1045/1138 (91.8%) OK:400 FAIL:645
  [wallstreetprep] 1050/1138 (92.3%) OK:400 FAIL:650
  [wallstreetprep] 1055/1138 (92.7%) OK:400 FAIL:655
  [wallstreetprep] 1060/1138 (93.1%) OK:400 FAIL:660
  [wallstreetprep] 1065/1138 (93.6%) OK:400 FAIL:665
  [wallstreetprep] 1070/1138 (94.0%) OK:400 FAIL:670
  [wallstreetprep] 1075/1138 (94.5%) OK:400 FAIL:675
  [wallstreetprep] 1080/1138 (94.9%) OK:400 FAIL:680
  [wallstreetprep] 1085/1138 (95.3%) OK:400 FAIL:685
  [wallstreetprep] 1090/1138 (95.8%) OK:400 FAIL:690
  [wallstreetprep] 1095/1138 (96.2%) OK:400 FAIL:695
  [wallstreetprep] 1100/1138 (96.7%) OK:400 FAIL:700
  [wallstreetprep] 1105/1138 (97.1%) OK:400 FAIL:705
  [wallstreetprep] 1110/1138 (97.5%) OK:400 FAIL:710
  [wallstreetprep] 1115/1138 (98.0%) OK:400 FAIL:715
  [wallstreetprep] 1120/1138 (98.4%) OK:400 FAIL:720
  [wallstreetprep] 1125/1138 (98.9%) OK:400 FAIL:725
  [wallstreetprep] 1130/1138 (99.3%) OK:400 FAIL:730
  [wallstreetprep] 1135/1138 (99.7%) OK:400 FAIL:735
  [wallstreetprep] 1138/1138 (100.0%) OK:400 FAIL:738

[wallstreetprep] DONE: 400 saved, 738 failed, 0 skipped out of 1138
